<?xml version="1.0" encoding="UTF-8"?>
<testsuites name="TestSuite_001" time="376.059" tests="30" failures="0" errors="0">
   <testsuite name="TestSuite_001" tests="30" failures="0" errors="0" time="376.059" skipped="0" timestamp="2023-09-18 15:02:49" hostname="hiba.naaz - ZIL482.perficient.com" id="Test Suites/TestSuite_001">
      <properties>
         <property name="deviceName" value=""/>
         <property name="devicePlatform" value=""/>
         <property name="logFolder" value="C:\\Users\\hiba.naaz\\git\\Katalon-Practice\\Reports\\20230918_150247\\TestSuite_001\\20230918_150247"/>
         <property name="logFiles" value="C:\\Users\\hiba.naaz\\git\\Katalon-Practice\\Reports\\20230918_150247\\TestSuite_001\\20230918_150247\\execution0.log"/>
         <property name="attachments" value=""/>
         <property name="hostName" value="hiba.naaz - ZIL482.perficient.com"/>
         <property name="os" value="Windows 10 64bit"/>
         <property name="katalonVersion" value="8.6.8.208"/>
         <property name="browser" value="Chrome 116.0.0.0"/>
         <property name="hostAddress" value="10.112.37.41"/>
         <property name="sessionId" value="5740547fb6bc01c8a44f0d60eda8cf93"/>
         <property name="seleniumVersion" value="3.141.59"/>
         <property name="proxyInformation" value="ProxyInformation { proxyOption=NO_PROXY, proxyServerType=HTTP, username=, password=********, proxyServerAddress=, proxyServerPort=0, executionList=&quot;&quot;, isApplyToDesiredCapabilities=true }"/>
         <property name="platform" value="Windows 10"/>
      </properties>
      <testcase name="Test Cases/TC_001" time="9.53" classname="Test Cases/TC_001" status="PASSED">
         <system-out><![CDATA[2023-09-18 15:02:50 - [TEST_CASE][PASSED] - Test Cases/TC_001: Test Cases/TC_001

2023-09-18 15:02:50 - [TEST_STEP][PASSED] - openBrowser(""): Browser is opened with url: ''

2023-09-18 15:02:50 - [MESSAGE][INFO] - Starting 'Chrome' driver

2023-09-18 15:02:50 - [MESSAGE][INFO] - Action delay is set to 0 milliseconds

2023-09-18 15:02:53 - [MESSAGE][PASSED] - Browser is opened with url: ''

2023-09-18 15:02:53 - [TEST_STEP][PASSED] - maximizeWindow(): Current window maximized

2023-09-18 15:02:53 - [MESSAGE][PASSED] - Current window maximized

2023-09-18 15:02:53 - [TEST_STEP][PASSED] - navigateToUrl("https://www.google.com/"): Navigate to 'https://www.google.com/' successfully

2023-09-18 15:02:58 - [MESSAGE][PASSED] - Navigate to 'https://www.google.com/' successfully

2023-09-18 15:02:58 - [TEST_STEP][PASSED] - setText(findTestObject("Page_Google/textarea__q"), "gmail"): Text 'gmail' is set on object 'Object Repository/Page_Google/textarea__q'

2023-09-18 15:02:58 - [MESSAGE][PASSED] - Text 'gmail' is set on object 'Object Repository/Page_Google/textarea__q'

2023-09-18 15:02:58 - [TEST_STEP][PASSED] - closeBrowser(): Browser is closed

2023-09-18 15:02:59 - [MESSAGE][PASSED] - Browser is closed]]></system-out>
         <system-err><![CDATA[]]></system-err>
      </testcase>
      <testcase name="Test Cases/TC_0010" time="11.039" classname="Test Cases/TC_0010" status="PASSED">
         <system-out><![CDATA[2023-09-18 15:02:59 - [TEST_CASE][PASSED] - Test Cases/TC_0010: Test Cases/TC_0010

2023-09-18 15:03:00 - [TEST_STEP][PASSED] - openBrowser(""): Browser is opened with url: ''

2023-09-18 15:03:00 - [MESSAGE][INFO] - Starting 'Chrome' driver

2023-09-18 15:03:00 - [MESSAGE][INFO] - Action delay is set to 0 milliseconds

2023-09-18 15:03:01 - [MESSAGE][PASSED] - Browser is opened with url: ''

2023-09-18 15:03:01 - [TEST_STEP][PASSED] - navigateToUrl("https://www.google.com/"): Navigate to 'https://www.google.com/' successfully

2023-09-18 15:03:06 - [MESSAGE][PASSED] - Navigate to 'https://www.google.com/' successfully

2023-09-18 15:03:06 - [TEST_STEP][PASSED] - click(findTestObject("Object Repository/Page_Google/a_")): Object: 'Object Repository/Page_Google/a_' is clicked on

2023-09-18 15:03:10 - [MESSAGE][PASSED] - Object: 'Object Repository/Page_Google/a_' is clicked on

2023-09-18 15:03:10 - [TEST_STEP][PASSED] - closeBrowser(): Browser is closed

2023-09-18 15:03:10 - [MESSAGE][PASSED] - Browser is closed]]></system-out>
         <system-err><![CDATA[]]></system-err>
      </testcase>
      <testcase name="Test Cases/TC_0011" time="10.742" classname="Test Cases/TC_0011" status="PASSED">
         <system-out><![CDATA[2023-09-18 15:03:10 - [TEST_CASE][PASSED] - Test Cases/TC_0011: Test Cases/TC_0011

2023-09-18 15:03:11 - [TEST_STEP][PASSED] - openBrowser(""): Browser is opened with url: ''

2023-09-18 15:03:11 - [MESSAGE][INFO] - Starting 'Chrome' driver

2023-09-18 15:03:11 - [MESSAGE][INFO] - Action delay is set to 0 milliseconds

2023-09-18 15:03:12 - [MESSAGE][PASSED] - Browser is opened with url: ''

2023-09-18 15:03:12 - [TEST_STEP][PASSED] - navigateToUrl("https://www.google.com/"): Navigate to 'https://www.google.com/' successfully

2023-09-18 15:03:17 - [MESSAGE][PASSED] - Navigate to 'https://www.google.com/' successfully

2023-09-18 15:03:17 - [TEST_STEP][PASSED] - click(findTestObject("Object Repository/Page_Google/a_")): Object: 'Object Repository/Page_Google/a_' is clicked on

2023-09-18 15:03:20 - [MESSAGE][PASSED] - Object: 'Object Repository/Page_Google/a_' is clicked on

2023-09-18 15:03:20 - [TEST_STEP][PASSED] - closeBrowser(): Browser is closed

2023-09-18 15:03:21 - [MESSAGE][PASSED] - Browser is closed]]></system-out>
         <system-err><![CDATA[]]></system-err>
      </testcase>
      <testcase name="Test Cases/TC_0012" time="9.008" classname="Test Cases/TC_0012" status="PASSED">
         <system-out><![CDATA[2023-09-18 15:03:21 - [TEST_CASE][PASSED] - Test Cases/TC_0012: Test Cases/TC_0012

2023-09-18 15:03:21 - [TEST_STEP][PASSED] - openBrowser(""): Browser is opened with url: ''

2023-09-18 15:03:21 - [MESSAGE][INFO] - Starting 'Chrome' driver

2023-09-18 15:03:21 - [MESSAGE][INFO] - Action delay is set to 0 milliseconds

2023-09-18 15:03:23 - [MESSAGE][PASSED] - Browser is opened with url: ''

2023-09-18 15:03:23 - [TEST_STEP][PASSED] - navigateToUrl("https://www.google.com/"): Navigate to 'https://www.google.com/' successfully

2023-09-18 15:03:28 - [MESSAGE][PASSED] - Navigate to 'https://www.google.com/' successfully

2023-09-18 15:03:28 - [TEST_STEP][PASSED] - click(findTestObject("Object Repository/Page_Google/a_")): Object: 'Object Repository/Page_Google/a_' is clicked on

2023-09-18 15:03:29 - [MESSAGE][PASSED] - Object: 'Object Repository/Page_Google/a_' is clicked on

2023-09-18 15:03:29 - [TEST_STEP][PASSED] - closeBrowser(): Browser is closed

2023-09-18 15:03:30 - [MESSAGE][PASSED] - Browser is closed]]></system-out>
         <system-err><![CDATA[]]></system-err>
      </testcase>
      <testcase name="Test Cases/TC_0013" time="10.364" classname="Test Cases/TC_0013" status="PASSED">
         <system-out><![CDATA[2023-09-18 15:03:30 - [TEST_CASE][PASSED] - Test Cases/TC_0013: Test Cases/TC_0013

2023-09-18 15:03:30 - [TEST_STEP][PASSED] - openBrowser(""): Browser is opened with url: ''

2023-09-18 15:03:30 - [MESSAGE][INFO] - Starting 'Chrome' driver

2023-09-18 15:03:30 - [MESSAGE][INFO] - Action delay is set to 0 milliseconds

2023-09-18 15:03:32 - [MESSAGE][PASSED] - Browser is opened with url: ''

2023-09-18 15:03:32 - [TEST_STEP][PASSED] - navigateToUrl("https://www.google.com/"): Navigate to 'https://www.google.com/' successfully

2023-09-18 15:03:37 - [MESSAGE][PASSED] - Navigate to 'https://www.google.com/' successfully

2023-09-18 15:03:37 - [TEST_STEP][PASSED] - click(findTestObject("Object Repository/Page_Google/a_")): Object: 'Object Repository/Page_Google/a_' is clicked on

2023-09-18 15:03:40 - [MESSAGE][PASSED] - Object: 'Object Repository/Page_Google/a_' is clicked on

2023-09-18 15:03:40 - [TEST_STEP][PASSED] - closeBrowser(): Browser is closed

2023-09-18 15:03:40 - [MESSAGE][PASSED] - Browser is closed]]></system-out>
         <system-err><![CDATA[]]></system-err>
      </testcase>
      <testcase name="Test Cases/TC_0014" time="10.933" classname="Test Cases/TC_0014" status="PASSED">
         <system-out><![CDATA[2023-09-18 15:03:40 - [TEST_CASE][PASSED] - Test Cases/TC_0014: Test Cases/TC_0014

2023-09-18 15:03:41 - [TEST_STEP][PASSED] - openBrowser(""): Browser is opened with url: ''

2023-09-18 15:03:41 - [MESSAGE][INFO] - Starting 'Chrome' driver

2023-09-18 15:03:41 - [MESSAGE][INFO] - Action delay is set to 0 milliseconds

2023-09-18 15:03:42 - [MESSAGE][PASSED] - Browser is opened with url: ''

2023-09-18 15:03:42 - [TEST_STEP][PASSED] - navigateToUrl("https://www.google.com/"): Navigate to 'https://www.google.com/' successfully

2023-09-18 15:03:47 - [MESSAGE][PASSED] - Navigate to 'https://www.google.com/' successfully

2023-09-18 15:03:47 - [TEST_STEP][PASSED] - click(findTestObject("Object Repository/Page_Google/a_")): Object: 'Object Repository/Page_Google/a_' is clicked on

2023-09-18 15:03:51 - [MESSAGE][PASSED] - Object: 'Object Repository/Page_Google/a_' is clicked on

2023-09-18 15:03:51 - [TEST_STEP][PASSED] - closeBrowser(): Browser is closed

2023-09-18 15:03:51 - [MESSAGE][PASSED] - Browser is closed]]></system-out>
         <system-err><![CDATA[]]></system-err>
      </testcase>
      <testcase name="Test Cases/TC_0015" time="9.789" classname="Test Cases/TC_0015" status="PASSED">
         <system-out><![CDATA[2023-09-18 15:03:51 - [TEST_CASE][PASSED] - Test Cases/TC_0015: Test Cases/TC_0015

2023-09-18 15:03:52 - [TEST_STEP][PASSED] - openBrowser(""): Browser is opened with url: ''

2023-09-18 15:03:52 - [MESSAGE][INFO] - Starting 'Chrome' driver

2023-09-18 15:03:52 - [MESSAGE][INFO] - Action delay is set to 0 milliseconds

2023-09-18 15:03:53 - [MESSAGE][PASSED] - Browser is opened with url: ''

2023-09-18 15:03:53 - [TEST_STEP][PASSED] - navigateToUrl("https://www.google.com/"): Navigate to 'https://www.google.com/' successfully

2023-09-18 15:03:59 - [MESSAGE][PASSED] - Navigate to 'https://www.google.com/' successfully

2023-09-18 15:03:59 - [TEST_STEP][PASSED] - click(findTestObject("Object Repository/Page_Google/a_")): Object: 'Object Repository/Page_Google/a_' is clicked on

2023-09-18 15:04:00 - [MESSAGE][PASSED] - Object: 'Object Repository/Page_Google/a_' is clicked on

2023-09-18 15:04:00 - [TEST_STEP][PASSED] - closeBrowser(): Browser is closed

2023-09-18 15:04:01 - [MESSAGE][PASSED] - Browser is closed]]></system-out>
         <system-err><![CDATA[]]></system-err>
      </testcase>
      <testcase name="Test Cases/TC_0016" time="10.849" classname="Test Cases/TC_0016" status="PASSED">
         <system-out><![CDATA[2023-09-18 15:04:01 - [TEST_CASE][PASSED] - Test Cases/TC_0016: Test Cases/TC_0016

2023-09-18 15:04:02 - [TEST_STEP][PASSED] - openBrowser(""): Browser is opened with url: ''

2023-09-18 15:04:02 - [MESSAGE][INFO] - Starting 'Chrome' driver

2023-09-18 15:04:02 - [MESSAGE][INFO] - Action delay is set to 0 milliseconds

2023-09-18 15:04:03 - [MESSAGE][PASSED] - Browser is opened with url: ''

2023-09-18 15:04:03 - [TEST_STEP][PASSED] - navigateToUrl("https://www.google.com/"): Navigate to 'https://www.google.com/' successfully

2023-09-18 15:04:08 - [MESSAGE][PASSED] - Navigate to 'https://www.google.com/' successfully

2023-09-18 15:04:08 - [TEST_STEP][PASSED] - click(findTestObject("Object Repository/Page_Google/a_")): Object: 'Object Repository/Page_Google/a_' is clicked on

2023-09-18 15:04:11 - [MESSAGE][PASSED] - Object: 'Object Repository/Page_Google/a_' is clicked on

2023-09-18 15:04:11 - [TEST_STEP][PASSED] - closeBrowser(): Browser is closed

2023-09-18 15:04:12 - [MESSAGE][PASSED] - Browser is closed]]></system-out>
         <system-err><![CDATA[]]></system-err>
      </testcase>
      <testcase name="Test Cases/TC_0017" time="9.716" classname="Test Cases/TC_0017" status="PASSED">
         <system-out><![CDATA[2023-09-18 15:04:12 - [TEST_CASE][PASSED] - Test Cases/TC_0017: Test Cases/TC_0017

2023-09-18 15:04:12 - [TEST_STEP][PASSED] - openBrowser(""): Browser is opened with url: ''

2023-09-18 15:04:12 - [MESSAGE][INFO] - Starting 'Chrome' driver

2023-09-18 15:04:12 - [MESSAGE][INFO] - Action delay is set to 0 milliseconds

2023-09-18 15:04:14 - [MESSAGE][PASSED] - Browser is opened with url: ''

2023-09-18 15:04:14 - [TEST_STEP][PASSED] - navigateToUrl("https://www.google.com/"): Navigate to 'https://www.google.com/' successfully

2023-09-18 15:04:19 - [MESSAGE][PASSED] - Navigate to 'https://www.google.com/' successfully

2023-09-18 15:04:19 - [TEST_STEP][PASSED] - click(findTestObject("Object Repository/Page_Google/a_")): Object: 'Object Repository/Page_Google/a_' is clicked on

2023-09-18 15:04:21 - [MESSAGE][PASSED] - Object: 'Object Repository/Page_Google/a_' is clicked on

2023-09-18 15:04:21 - [TEST_STEP][PASSED] - closeBrowser(): Browser is closed

2023-09-18 15:04:22 - [MESSAGE][PASSED] - Browser is closed]]></system-out>
         <system-err><![CDATA[]]></system-err>
      </testcase>
      <testcase name="Test Cases/TC_0018" time="9.482" classname="Test Cases/TC_0018" status="PASSED">
         <system-out><![CDATA[2023-09-18 15:04:22 - [TEST_CASE][PASSED] - Test Cases/TC_0018: Test Cases/TC_0018

2023-09-18 15:04:22 - [TEST_STEP][PASSED] - openBrowser(""): Browser is opened with url: ''

2023-09-18 15:04:22 - [MESSAGE][INFO] - Starting 'Chrome' driver

2023-09-18 15:04:22 - [MESSAGE][INFO] - Action delay is set to 0 milliseconds

2023-09-18 15:04:23 - [MESSAGE][PASSED] - Browser is opened with url: ''

2023-09-18 15:04:23 - [TEST_STEP][PASSED] - navigateToUrl("https://www.google.com/"): Navigate to 'https://www.google.com/' successfully

2023-09-18 15:04:29 - [MESSAGE][PASSED] - Navigate to 'https://www.google.com/' successfully

2023-09-18 15:04:29 - [TEST_STEP][PASSED] - click(findTestObject("Object Repository/Page_Google/a_")): Object: 'Object Repository/Page_Google/a_' is clicked on

2023-09-18 15:04:31 - [MESSAGE][PASSED] - Object: 'Object Repository/Page_Google/a_' is clicked on

2023-09-18 15:04:31 - [TEST_STEP][PASSED] - closeBrowser(): Browser is closed

2023-09-18 15:04:31 - [MESSAGE][PASSED] - Browser is closed]]></system-out>
         <system-err><![CDATA[]]></system-err>
      </testcase>
      <testcase name="Test Cases/TC_0019" time="10.571" classname="Test Cases/TC_0019" status="PASSED">
         <system-out><![CDATA[2023-09-18 15:04:31 - [TEST_CASE][PASSED] - Test Cases/TC_0019: Test Cases/TC_0019

2023-09-18 15:04:32 - [TEST_STEP][PASSED] - openBrowser(""): Browser is opened with url: ''

2023-09-18 15:04:32 - [MESSAGE][INFO] - Starting 'Chrome' driver

2023-09-18 15:04:32 - [MESSAGE][INFO] - Action delay is set to 0 milliseconds

2023-09-18 15:04:33 - [MESSAGE][PASSED] - Browser is opened with url: ''

2023-09-18 15:04:33 - [TEST_STEP][PASSED] - navigateToUrl("https://www.google.com/"): Navigate to 'https://www.google.com/' successfully

2023-09-18 15:04:39 - [MESSAGE][PASSED] - Navigate to 'https://www.google.com/' successfully

2023-09-18 15:04:39 - [TEST_STEP][PASSED] - click(findTestObject("Object Repository/Page_Google/a_")): Object: 'Object Repository/Page_Google/a_' is clicked on

2023-09-18 15:04:41 - [MESSAGE][PASSED] - Object: 'Object Repository/Page_Google/a_' is clicked on

2023-09-18 15:04:41 - [TEST_STEP][PASSED] - closeBrowser(): Browser is closed

2023-09-18 15:04:42 - [MESSAGE][PASSED] - Browser is closed]]></system-out>
         <system-err><![CDATA[]]></system-err>
      </testcase>
      <testcase name="Test Cases/TC_002" time="18.263" classname="Test Cases/TC_002" status="PASSED">
         <system-out><![CDATA[2023-09-18 15:04:42 - [TEST_CASE][PASSED] - Test Cases/TC_002: Test Cases/TC_002

2023-09-18 15:04:42 - [TEST_STEP][PASSED] - openBrowser(""): Browser is opened with url: ''

2023-09-18 15:04:42 - [MESSAGE][INFO] - Starting 'Chrome' driver

2023-09-18 15:04:42 - [MESSAGE][INFO] - Action delay is set to 0 milliseconds

2023-09-18 15:04:44 - [MESSAGE][PASSED] - Browser is opened with url: ''

2023-09-18 15:04:44 - [TEST_STEP][PASSED] - navigateToUrl("https://www.google.com/?gws_rd=ssl"): Navigate to 'https://www.google.com/?gws_rd=ssl' successfully

2023-09-18 15:04:50 - [MESSAGE][PASSED] - Navigate to 'https://www.google.com/?gws_rd=ssl' successfully

2023-09-18 15:04:50 - [TEST_STEP][PASSED] - maximizeWindow(): Current window maximized

2023-09-18 15:04:50 - [MESSAGE][PASSED] - Current window maximized

2023-09-18 15:04:50 - [TEST_STEP][PASSED] - click(findTestObject("Object Repository/Page_Google/input_Delete_btnI")): Object: 'Object Repository/Page_Google/input_Delete_btnI' is clicked on

2023-09-18 15:04:59 - [MESSAGE][PASSED] - Object: 'Object Repository/Page_Google/input_Delete_btnI' is clicked on

2023-09-18 15:04:59 - [TEST_STEP][PASSED] - closeBrowser(): Browser is closed

2023-09-18 15:05:00 - [MESSAGE][PASSED] - Browser is closed]]></system-out>
         <system-err><![CDATA[]]></system-err>
      </testcase>
      <testcase name="Test Cases/TC_0020" time="10.869" classname="Test Cases/TC_0020" status="PASSED">
         <system-out><![CDATA[2023-09-18 15:05:00 - [TEST_CASE][PASSED] - Test Cases/TC_0020: Test Cases/TC_0020

2023-09-18 15:05:01 - [TEST_STEP][PASSED] - openBrowser(""): Browser is opened with url: ''

2023-09-18 15:05:01 - [MESSAGE][INFO] - Starting 'Chrome' driver

2023-09-18 15:05:01 - [MESSAGE][INFO] - Action delay is set to 0 milliseconds

2023-09-18 15:05:02 - [MESSAGE][PASSED] - Browser is opened with url: ''

2023-09-18 15:05:02 - [TEST_STEP][PASSED] - navigateToUrl("https://www.google.com/"): Navigate to 'https://www.google.com/' successfully

2023-09-18 15:05:07 - [MESSAGE][PASSED] - Navigate to 'https://www.google.com/' successfully

2023-09-18 15:05:07 - [TEST_STEP][PASSED] - click(findTestObject("Object Repository/Page_Google/a_")): Object: 'Object Repository/Page_Google/a_' is clicked on

2023-09-18 15:05:10 - [MESSAGE][PASSED] - Object: 'Object Repository/Page_Google/a_' is clicked on

2023-09-18 15:05:10 - [TEST_STEP][PASSED] - closeBrowser(): Browser is closed

2023-09-18 15:05:11 - [MESSAGE][PASSED] - Browser is closed]]></system-out>
         <system-err><![CDATA[]]></system-err>
      </testcase>
      <testcase name="Test Cases/TC_0021" time="9.946" classname="Test Cases/TC_0021" status="PASSED">
         <system-out><![CDATA[2023-09-18 15:05:11 - [TEST_CASE][PASSED] - Test Cases/TC_0021: Test Cases/TC_0021

2023-09-18 15:05:11 - [TEST_STEP][PASSED] - openBrowser(""): Browser is opened with url: ''

2023-09-18 15:05:11 - [MESSAGE][INFO] - Starting 'Chrome' driver

2023-09-18 15:05:11 - [MESSAGE][INFO] - Action delay is set to 0 milliseconds

2023-09-18 15:05:13 - [MESSAGE][PASSED] - Browser is opened with url: ''

2023-09-18 15:05:13 - [TEST_STEP][PASSED] - navigateToUrl("https://www.google.com/"): Navigate to 'https://www.google.com/' successfully

2023-09-18 15:05:19 - [MESSAGE][PASSED] - Navigate to 'https://www.google.com/' successfully

2023-09-18 15:05:19 - [TEST_STEP][PASSED] - click(findTestObject("Object Repository/Page_Google/a_")): Object: 'Object Repository/Page_Google/a_' is clicked on

2023-09-18 15:05:20 - [MESSAGE][PASSED] - Object: 'Object Repository/Page_Google/a_' is clicked on

2023-09-18 15:05:20 - [TEST_STEP][PASSED] - closeBrowser(): Browser is closed

2023-09-18 15:05:21 - [MESSAGE][PASSED] - Browser is closed]]></system-out>
         <system-err><![CDATA[]]></system-err>
      </testcase>
      <testcase name="Test Cases/TC_0022" time="11.215" classname="Test Cases/TC_0022" status="PASSED">
         <system-out><![CDATA[2023-09-18 15:05:21 - [TEST_CASE][PASSED] - Test Cases/TC_0022: Test Cases/TC_0022

2023-09-18 15:05:21 - [TEST_STEP][PASSED] - openBrowser(""): Browser is opened with url: ''

2023-09-18 15:05:21 - [MESSAGE][INFO] - Starting 'Chrome' driver

2023-09-18 15:05:21 - [MESSAGE][INFO] - Action delay is set to 0 milliseconds

2023-09-18 15:05:23 - [MESSAGE][PASSED] - Browser is opened with url: ''

2023-09-18 15:05:23 - [TEST_STEP][PASSED] - navigateToUrl("https://www.google.com/"): Navigate to 'https://www.google.com/' successfully

2023-09-18 15:05:28 - [MESSAGE][PASSED] - Navigate to 'https://www.google.com/' successfully

2023-09-18 15:05:28 - [TEST_STEP][PASSED] - click(findTestObject("Object Repository/Page_Google/a_")): Object: 'Object Repository/Page_Google/a_' is clicked on

2023-09-18 15:05:32 - [MESSAGE][PASSED] - Object: 'Object Repository/Page_Google/a_' is clicked on

2023-09-18 15:05:32 - [TEST_STEP][PASSED] - closeBrowser(): Browser is closed

2023-09-18 15:05:32 - [MESSAGE][PASSED] - Browser is closed]]></system-out>
         <system-err><![CDATA[]]></system-err>
      </testcase>
      <testcase name="Test Cases/TC_0023" time="10.796" classname="Test Cases/TC_0023" status="PASSED">
         <system-out><![CDATA[2023-09-18 15:05:32 - [TEST_CASE][PASSED] - Test Cases/TC_0023: Test Cases/TC_0023

2023-09-18 15:05:33 - [TEST_STEP][PASSED] - openBrowser(""): Browser is opened with url: ''

2023-09-18 15:05:33 - [MESSAGE][INFO] - Starting 'Chrome' driver

2023-09-18 15:05:33 - [MESSAGE][INFO] - Action delay is set to 0 milliseconds

2023-09-18 15:05:34 - [MESSAGE][PASSED] - Browser is opened with url: ''

2023-09-18 15:05:34 - [TEST_STEP][PASSED] - navigateToUrl("https://www.google.com/"): Navigate to 'https://www.google.com/' successfully

2023-09-18 15:05:39 - [MESSAGE][PASSED] - Navigate to 'https://www.google.com/' successfully

2023-09-18 15:05:39 - [TEST_STEP][PASSED] - click(findTestObject("Object Repository/Page_Google/a_")): Object: 'Object Repository/Page_Google/a_' is clicked on

2023-09-18 15:05:42 - [MESSAGE][PASSED] - Object: 'Object Repository/Page_Google/a_' is clicked on

2023-09-18 15:05:42 - [TEST_STEP][PASSED] - closeBrowser(): Browser is closed

2023-09-18 15:05:43 - [MESSAGE][PASSED] - Browser is closed]]></system-out>
         <system-err><![CDATA[]]></system-err>
      </testcase>
      <testcase name="Test Cases/TC_0024" time="11.367" classname="Test Cases/TC_0024" status="PASSED">
         <system-out><![CDATA[2023-09-18 15:05:43 - [TEST_CASE][PASSED] - Test Cases/TC_0024: Test Cases/TC_0024

2023-09-18 15:05:43 - [TEST_STEP][PASSED] - openBrowser(""): Browser is opened with url: ''

2023-09-18 15:05:43 - [MESSAGE][INFO] - Starting 'Chrome' driver

2023-09-18 15:05:43 - [MESSAGE][INFO] - Action delay is set to 0 milliseconds

2023-09-18 15:05:45 - [MESSAGE][PASSED] - Browser is opened with url: ''

2023-09-18 15:05:45 - [TEST_STEP][PASSED] - navigateToUrl("https://www.google.com/"): Navigate to 'https://www.google.com/' successfully

2023-09-18 15:05:50 - [MESSAGE][PASSED] - Navigate to 'https://www.google.com/' successfully

2023-09-18 15:05:50 - [TEST_STEP][PASSED] - click(findTestObject("Object Repository/Page_Google/a_")): Object: 'Object Repository/Page_Google/a_' is clicked on

2023-09-18 15:05:54 - [MESSAGE][PASSED] - Object: 'Object Repository/Page_Google/a_' is clicked on

2023-09-18 15:05:54 - [TEST_STEP][PASSED] - closeBrowser(): Browser is closed

2023-09-18 15:05:54 - [MESSAGE][PASSED] - Browser is closed]]></system-out>
         <system-err><![CDATA[]]></system-err>
      </testcase>
      <testcase name="Test Cases/TC_0025" time="11.713" classname="Test Cases/TC_0025" status="PASSED">
         <system-out><![CDATA[2023-09-18 15:05:54 - [TEST_CASE][PASSED] - Test Cases/TC_0025: Test Cases/TC_0025

2023-09-18 15:05:55 - [TEST_STEP][PASSED] - openBrowser(""): Browser is opened with url: ''

2023-09-18 15:05:55 - [MESSAGE][INFO] - Starting 'Chrome' driver

2023-09-18 15:05:55 - [MESSAGE][INFO] - Action delay is set to 0 milliseconds

2023-09-18 15:05:56 - [MESSAGE][PASSED] - Browser is opened with url: ''

2023-09-18 15:05:56 - [TEST_STEP][PASSED] - navigateToUrl("https://www.google.com/"): Navigate to 'https://www.google.com/' successfully

2023-09-18 15:06:02 - [MESSAGE][PASSED] - Navigate to 'https://www.google.com/' successfully

2023-09-18 15:06:02 - [TEST_STEP][PASSED] - click(findTestObject("Object Repository/Page_Google/a_")): Object: 'Object Repository/Page_Google/a_' is clicked on

2023-09-18 15:06:05 - [MESSAGE][PASSED] - Object: 'Object Repository/Page_Google/a_' is clicked on

2023-09-18 15:06:05 - [TEST_STEP][PASSED] - closeBrowser(): Browser is closed

2023-09-18 15:06:06 - [MESSAGE][PASSED] - Browser is closed]]></system-out>
         <system-err><![CDATA[]]></system-err>
      </testcase>
      <testcase name="Test Cases/TC_0026" time="10.543" classname="Test Cases/TC_0026" status="PASSED">
         <system-out><![CDATA[2023-09-18 15:06:06 - [TEST_CASE][PASSED] - Test Cases/TC_0026: Test Cases/TC_0026

2023-09-18 15:06:07 - [TEST_STEP][PASSED] - openBrowser(""): Browser is opened with url: ''

2023-09-18 15:06:07 - [MESSAGE][INFO] - Starting 'Chrome' driver

2023-09-18 15:06:07 - [MESSAGE][INFO] - Action delay is set to 0 milliseconds

2023-09-18 15:06:08 - [MESSAGE][PASSED] - Browser is opened with url: ''

2023-09-18 15:06:08 - [TEST_STEP][PASSED] - navigateToUrl("https://www.google.com/"): Navigate to 'https://www.google.com/' successfully

2023-09-18 15:06:14 - [MESSAGE][PASSED] - Navigate to 'https://www.google.com/' successfully

2023-09-18 15:06:14 - [TEST_STEP][PASSED] - click(findTestObject("Object Repository/Page_Google/a_")): Object: 'Object Repository/Page_Google/a_' is clicked on

2023-09-18 15:06:16 - [MESSAGE][PASSED] - Object: 'Object Repository/Page_Google/a_' is clicked on

2023-09-18 15:06:16 - [TEST_STEP][PASSED] - closeBrowser(): Browser is closed

2023-09-18 15:06:17 - [MESSAGE][PASSED] - Browser is closed]]></system-out>
         <system-err><![CDATA[]]></system-err>
      </testcase>
      <testcase name="Test Cases/TC_0027" time="10.535" classname="Test Cases/TC_0027" status="PASSED">
         <system-out><![CDATA[2023-09-18 15:06:17 - [TEST_CASE][PASSED] - Test Cases/TC_0027: Test Cases/TC_0027

2023-09-18 15:06:17 - [TEST_STEP][PASSED] - openBrowser(""): Browser is opened with url: ''

2023-09-18 15:06:17 - [MESSAGE][INFO] - Starting 'Chrome' driver

2023-09-18 15:06:17 - [MESSAGE][INFO] - Action delay is set to 0 milliseconds

2023-09-18 15:06:18 - [MESSAGE][PASSED] - Browser is opened with url: ''

2023-09-18 15:06:18 - [TEST_STEP][PASSED] - navigateToUrl("https://www.google.com/"): Navigate to 'https://www.google.com/' successfully

2023-09-18 15:06:24 - [MESSAGE][PASSED] - Navigate to 'https://www.google.com/' successfully

2023-09-18 15:06:24 - [TEST_STEP][PASSED] - click(findTestObject("Object Repository/Page_Google/a_")): Object: 'Object Repository/Page_Google/a_' is clicked on

2023-09-18 15:06:27 - [MESSAGE][PASSED] - Object: 'Object Repository/Page_Google/a_' is clicked on

2023-09-18 15:06:27 - [TEST_STEP][PASSED] - closeBrowser(): Browser is closed

2023-09-18 15:06:27 - [MESSAGE][PASSED] - Browser is closed]]></system-out>
         <system-err><![CDATA[]]></system-err>
      </testcase>
      <testcase name="Test Cases/TC_0028" time="11.167" classname="Test Cases/TC_0028" status="PASSED">
         <system-out><![CDATA[2023-09-18 15:06:27 - [TEST_CASE][PASSED] - Test Cases/TC_0028: Test Cases/TC_0028

2023-09-18 15:06:28 - [TEST_STEP][PASSED] - openBrowser(""): Browser is opened with url: ''

2023-09-18 15:06:28 - [MESSAGE][INFO] - Starting 'Chrome' driver

2023-09-18 15:06:28 - [MESSAGE][INFO] - Action delay is set to 0 milliseconds

2023-09-18 15:06:29 - [MESSAGE][PASSED] - Browser is opened with url: ''

2023-09-18 15:06:29 - [TEST_STEP][PASSED] - navigateToUrl("https://www.google.com/"): Navigate to 'https://www.google.com/' successfully

2023-09-18 15:06:35 - [MESSAGE][PASSED] - Navigate to 'https://www.google.com/' successfully

2023-09-18 15:06:35 - [TEST_STEP][PASSED] - click(findTestObject("Object Repository/Page_Google/a_")): Object: 'Object Repository/Page_Google/a_' is clicked on

2023-09-18 15:06:38 - [MESSAGE][PASSED] - Object: 'Object Repository/Page_Google/a_' is clicked on

2023-09-18 15:06:38 - [TEST_STEP][PASSED] - closeBrowser(): Browser is closed

2023-09-18 15:06:38 - [MESSAGE][PASSED] - Browser is closed]]></system-out>
         <system-err><![CDATA[]]></system-err>
      </testcase>
      <testcase name="Test Cases/TC_0029" time="11.34" classname="Test Cases/TC_0029" status="PASSED">
         <system-out><![CDATA[2023-09-18 15:06:38 - [TEST_CASE][PASSED] - Test Cases/TC_0029: Test Cases/TC_0029

2023-09-18 15:06:39 - [TEST_STEP][PASSED] - openBrowser(""): Browser is opened with url: ''

2023-09-18 15:06:39 - [MESSAGE][INFO] - Starting 'Chrome' driver

2023-09-18 15:06:39 - [MESSAGE][INFO] - Action delay is set to 0 milliseconds

2023-09-18 15:06:40 - [MESSAGE][PASSED] - Browser is opened with url: ''

2023-09-18 15:06:40 - [TEST_STEP][PASSED] - navigateToUrl("https://www.google.com/"): Navigate to 'https://www.google.com/' successfully

2023-09-18 15:06:46 - [MESSAGE][PASSED] - Navigate to 'https://www.google.com/' successfully

2023-09-18 15:06:46 - [TEST_STEP][PASSED] - click(findTestObject("Object Repository/Page_Google/a_")): Object: 'Object Repository/Page_Google/a_' is clicked on

2023-09-18 15:06:49 - [MESSAGE][PASSED] - Object: 'Object Repository/Page_Google/a_' is clicked on

2023-09-18 15:06:49 - [TEST_STEP][PASSED] - closeBrowser(): Browser is closed

2023-09-18 15:06:50 - [MESSAGE][PASSED] - Browser is closed]]></system-out>
         <system-err><![CDATA[]]></system-err>
      </testcase>
      <testcase name="Test Cases/TC_003" time="36.932" classname="Test Cases/TC_003" status="PASSED">
         <system-out><![CDATA[2023-09-18 15:06:50 - [TEST_CASE][PASSED] - Test Cases/TC_003: Test Cases/TC_003

2023-09-18 15:06:50 - [TEST_STEP][PASSED] - openBrowser(""): Browser is opened with url: ''

2023-09-18 15:06:50 - [MESSAGE][INFO] - Starting 'Chrome' driver

2023-09-18 15:06:50 - [MESSAGE][INFO] - Action delay is set to 0 milliseconds

2023-09-18 15:06:52 - [MESSAGE][PASSED] - Browser is opened with url: ''

2023-09-18 15:06:52 - [TEST_STEP][PASSED] - maximizeWindow(): Current window maximized

2023-09-18 15:06:52 - [MESSAGE][PASSED] - Current window maximized

2023-09-18 15:06:52 - [TEST_STEP][PASSED] - navigateToUrl("https://www.uber.com/in/en/"): Navigate to 'https://www.uber.com/in/en/' successfully

2023-09-18 15:06:58 - [MESSAGE][PASSED] - Navigate to 'https://www.uber.com/in/en/' successfully

2023-09-18 15:06:58 - [TEST_STEP][PASSED] - click(findTestObject("Object Repository/Page_Earn Money by Driving or Get a Ride No_86ddf9/img_Drive or deliver_css-iTMoEO")): Object: 'Object Repository/Page_Earn Money by Driving or Get a Ride No_86ddf9/img_Drive or deliver_css-iTMoEO' is clicked on

2023-09-18 15:07:00 - [MESSAGE][PASSED] - Object: 'Object Repository/Page_Earn Money by Driving or Get a Ride No_86ddf9/img_Drive or deliver_css-iTMoEO' is clicked on

2023-09-18 15:07:00 - [TEST_STEP][PASSED] - click(findTestObject("Object Repository/Page_Earn Money by Driving or Get a Ride No_86ddf9/a_Get started")): Object: 'Object Repository/Page_Earn Money by Driving or Get a Ride No_86ddf9/a_Get started' is clicked on

2023-09-18 15:07:09 - [MESSAGE][PASSED] - Object: 'Object Repository/Page_Earn Money by Driving or Get a Ride No_86ddf9/a_Get started' is clicked on

2023-09-18 15:07:09 - [TEST_STEP][PASSED] - click(findTestObject("Object Repository/Page_Rent Out Your Car Through Uber and Ear_fd3df7/a_Sign up")): Object: 'Object Repository/Page_Rent Out Your Car Through Uber and Ear_fd3df7/a_Sign up' is clicked on

2023-09-18 15:07:14 - [MESSAGE][PASSED] - Object: 'Object Repository/Page_Rent Out Your Car Through Uber and Ear_fd3df7/a_Sign up' is clicked on

2023-09-18 15:07:14 - [TEST_STEP][PASSED] - click(findTestObject("Object Repository/Page_Sign Up to Drive  Uber/a_Sign up now")): Object: 'Object Repository/Page_Sign Up to Drive  Uber/a_Sign up now' is clicked on

2023-09-18 15:07:26 - [MESSAGE][PASSED] - Object: 'Object Repository/Page_Sign Up to Drive  Uber/a_Sign up now' is clicked on

2023-09-18 15:07:26 - [TEST_STEP][PASSED] - closeBrowser(): Browser is closed

2023-09-18 15:07:27 - [MESSAGE][PASSED] - Browser is closed]]></system-out>
         <system-err><![CDATA[]]></system-err>
      </testcase>
      <testcase name="Test Cases/TC_0030" time="11.549" classname="Test Cases/TC_0030" status="PASSED">
         <system-out><![CDATA[2023-09-18 15:07:27 - [TEST_CASE][PASSED] - Test Cases/TC_0030: Test Cases/TC_0030

2023-09-18 15:07:27 - [TEST_STEP][PASSED] - openBrowser(""): Browser is opened with url: ''

2023-09-18 15:07:27 - [MESSAGE][INFO] - Starting 'Chrome' driver

2023-09-18 15:07:27 - [MESSAGE][INFO] - Action delay is set to 0 milliseconds

2023-09-18 15:07:28 - [MESSAGE][PASSED] - Browser is opened with url: ''

2023-09-18 15:07:28 - [TEST_STEP][PASSED] - navigateToUrl("https://www.google.com/"): Navigate to 'https://www.google.com/' successfully

2023-09-18 15:07:34 - [MESSAGE][PASSED] - Navigate to 'https://www.google.com/' successfully

2023-09-18 15:07:34 - [TEST_STEP][PASSED] - click(findTestObject("Object Repository/Page_Google/a_")): Object: 'Object Repository/Page_Google/a_' is clicked on

2023-09-18 15:07:38 - [MESSAGE][PASSED] - Object: 'Object Repository/Page_Google/a_' is clicked on

2023-09-18 15:07:38 - [TEST_STEP][PASSED] - closeBrowser(): Browser is closed

2023-09-18 15:07:38 - [MESSAGE][PASSED] - Browser is closed]]></system-out>
         <system-err><![CDATA[]]></system-err>
      </testcase>
      <testcase name="Test Cases/TC_004" time="32.844" classname="Test Cases/TC_004" status="PASSED">
         <system-out><![CDATA[2023-09-18 15:07:38 - [TEST_CASE][PASSED] - Test Cases/TC_004: Test Cases/TC_004

2023-09-18 15:07:39 - [TEST_STEP][PASSED] - openBrowser(""): Browser is opened with url: ''

2023-09-18 15:07:39 - [MESSAGE][INFO] - Starting 'Chrome' driver

2023-09-18 15:07:39 - [MESSAGE][INFO] - Action delay is set to 0 milliseconds

2023-09-18 15:07:40 - [MESSAGE][PASSED] - Browser is opened with url: ''

2023-09-18 15:07:40 - [TEST_STEP][PASSED] - maximizeWindow(): Current window maximized

2023-09-18 15:07:40 - [MESSAGE][PASSED] - Current window maximized

2023-09-18 15:07:40 - [TEST_STEP][PASSED] - navigateToUrl("https://www.uber.com/in/en/"): Navigate to 'https://www.uber.com/in/en/' successfully

2023-09-18 15:07:48 - [MESSAGE][PASSED] - Navigate to 'https://www.uber.com/in/en/' successfully

2023-09-18 15:07:48 - [TEST_STEP][PASSED] - click(findTestObject("Object Repository/Page_Earn Money by Driving or Get a Ride No_86ddf9/img_Drive or deliver_css-iTMoEO")): Object: 'Object Repository/Page_Earn Money by Driving or Get a Ride No_86ddf9/img_Drive or deliver_css-iTMoEO' is clicked on

2023-09-18 15:07:50 - [MESSAGE][PASSED] - Object: 'Object Repository/Page_Earn Money by Driving or Get a Ride No_86ddf9/img_Drive or deliver_css-iTMoEO' is clicked on

2023-09-18 15:07:50 - [TEST_STEP][PASSED] - click(findTestObject("Object Repository/Page_Earn Money by Driving or Get a Ride No_86ddf9/a_Get started")): Object: 'Object Repository/Page_Earn Money by Driving or Get a Ride No_86ddf9/a_Get started' is clicked on

2023-09-18 15:07:56 - [MESSAGE][PASSED] - Object: 'Object Repository/Page_Earn Money by Driving or Get a Ride No_86ddf9/a_Get started' is clicked on

2023-09-18 15:07:56 - [TEST_STEP][PASSED] - click(findTestObject("Object Repository/Page_Rent Out Your Car Through Uber and Ear_fd3df7/a_Sign up")): Object: 'Object Repository/Page_Rent Out Your Car Through Uber and Ear_fd3df7/a_Sign up' is clicked on

2023-09-18 15:08:00 - [MESSAGE][PASSED] - Object: 'Object Repository/Page_Rent Out Your Car Through Uber and Ear_fd3df7/a_Sign up' is clicked on

2023-09-18 15:08:00 - [TEST_STEP][PASSED] - click(findTestObject("Object Repository/Page_Sign Up to Drive  Uber/a_Sign up now")): Object: 'Object Repository/Page_Sign Up to Drive  Uber/a_Sign up now' is clicked on

2023-09-18 15:08:10 - [MESSAGE][PASSED] - Object: 'Object Repository/Page_Sign Up to Drive  Uber/a_Sign up now' is clicked on

2023-09-18 15:08:10 - [TEST_STEP][PASSED] - closeBrowser(): Browser is closed

2023-09-18 15:08:11 - [MESSAGE][PASSED] - Browser is closed]]></system-out>
         <system-err><![CDATA[]]></system-err>
      </testcase>
      <testcase name="Test Cases/TC_005" time="9.884" classname="Test Cases/TC_005" status="PASSED">
         <system-out><![CDATA[2023-09-18 15:08:11 - [TEST_CASE][PASSED] - Test Cases/TC_005: Test Cases/TC_005

2023-09-18 15:08:12 - [TEST_STEP][PASSED] - openBrowser(""): Browser is opened with url: ''

2023-09-18 15:08:12 - [MESSAGE][INFO] - Starting 'Chrome' driver

2023-09-18 15:08:12 - [MESSAGE][INFO] - Action delay is set to 0 milliseconds

2023-09-18 15:08:13 - [MESSAGE][PASSED] - Browser is opened with url: ''

2023-09-18 15:08:13 - [TEST_STEP][PASSED] - navigateToUrl("https://www.google.com/"): Navigate to 'https://www.google.com/' successfully

2023-09-18 15:08:19 - [MESSAGE][PASSED] - Navigate to 'https://www.google.com/' successfully

2023-09-18 15:08:19 - [TEST_STEP][PASSED] - click(findTestObject("Object Repository/Page_Google/a_")): Object: 'Object Repository/Page_Google/a_' is clicked on

2023-09-18 15:08:20 - [MESSAGE][PASSED] - Object: 'Object Repository/Page_Google/a_' is clicked on

2023-09-18 15:08:20 - [TEST_STEP][PASSED] - closeBrowser(): Browser is closed

2023-09-18 15:08:21 - [MESSAGE][PASSED] - Browser is closed]]></system-out>
         <system-err><![CDATA[]]></system-err>
      </testcase>
      <testcase name="Test Cases/TC_006" time="11.366" classname="Test Cases/TC_006" status="PASSED">
         <system-out><![CDATA[2023-09-18 15:08:21 - [TEST_CASE][PASSED] - Test Cases/TC_006: Test Cases/TC_006

2023-09-18 15:08:21 - [TEST_STEP][PASSED] - openBrowser(""): Browser is opened with url: ''

2023-09-18 15:08:22 - [MESSAGE][INFO] - Starting 'Chrome' driver

2023-09-18 15:08:22 - [MESSAGE][INFO] - Action delay is set to 0 milliseconds

2023-09-18 15:08:23 - [MESSAGE][PASSED] - Browser is opened with url: ''

2023-09-18 15:08:23 - [TEST_STEP][PASSED] - navigateToUrl("https://www.google.com/"): Navigate to 'https://www.google.com/' successfully

2023-09-18 15:08:29 - [MESSAGE][PASSED] - Navigate to 'https://www.google.com/' successfully

2023-09-18 15:08:29 - [TEST_STEP][PASSED] - click(findTestObject("Object Repository/Page_Google/a_")): Object: 'Object Repository/Page_Google/a_' is clicked on

2023-09-18 15:08:32 - [MESSAGE][PASSED] - Object: 'Object Repository/Page_Google/a_' is clicked on

2023-09-18 15:08:32 - [TEST_STEP][PASSED] - closeBrowser(): Browser is closed

2023-09-18 15:08:32 - [MESSAGE][PASSED] - Browser is closed]]></system-out>
         <system-err><![CDATA[]]></system-err>
      </testcase>
      <testcase name="Test Cases/TC_007" time="12.198" classname="Test Cases/TC_007" status="PASSED">
         <system-out><![CDATA[2023-09-18 15:08:32 - [TEST_CASE][PASSED] - Test Cases/TC_007: Test Cases/TC_007

2023-09-18 15:08:33 - [TEST_STEP][PASSED] - openBrowser(""): Browser is opened with url: ''

2023-09-18 15:08:33 - [MESSAGE][INFO] - Starting 'Chrome' driver

2023-09-18 15:08:33 - [MESSAGE][INFO] - Action delay is set to 0 milliseconds

2023-09-18 15:08:34 - [MESSAGE][PASSED] - Browser is opened with url: ''

2023-09-18 15:08:34 - [TEST_STEP][PASSED] - navigateToUrl("https://www.google.com/"): Navigate to 'https://www.google.com/' successfully

2023-09-18 15:08:40 - [MESSAGE][PASSED] - Navigate to 'https://www.google.com/' successfully

2023-09-18 15:08:40 - [TEST_STEP][PASSED] - click(findTestObject("Object Repository/Page_Google/a_")): Object: 'Object Repository/Page_Google/a_' is clicked on

2023-09-18 15:08:44 - [MESSAGE][PASSED] - Object: 'Object Repository/Page_Google/a_' is clicked on

2023-09-18 15:08:44 - [TEST_STEP][PASSED] - closeBrowser(): Browser is closed

2023-09-18 15:08:45 - [MESSAGE][PASSED] - Browser is closed]]></system-out>
         <system-err><![CDATA[]]></system-err>
      </testcase>
      <testcase name="Test Cases/TC_008" time="9.93" classname="Test Cases/TC_008" status="PASSED">
         <system-out><![CDATA[2023-09-18 15:08:45 - [TEST_CASE][PASSED] - Test Cases/TC_008: Test Cases/TC_008

2023-09-18 15:08:45 - [TEST_STEP][PASSED] - openBrowser(""): Browser is opened with url: ''

2023-09-18 15:08:45 - [MESSAGE][INFO] - Starting 'Chrome' driver

2023-09-18 15:08:45 - [MESSAGE][INFO] - Action delay is set to 0 milliseconds

2023-09-18 15:08:46 - [MESSAGE][PASSED] - Browser is opened with url: ''

2023-09-18 15:08:46 - [TEST_STEP][PASSED] - navigateToUrl("https://www.google.com/"): Navigate to 'https://www.google.com/' successfully

2023-09-18 15:08:52 - [MESSAGE][PASSED] - Navigate to 'https://www.google.com/' successfully

2023-09-18 15:08:52 - [TEST_STEP][PASSED] - click(findTestObject("Object Repository/Page_Google/a_")): Object: 'Object Repository/Page_Google/a_' is clicked on

2023-09-18 15:08:54 - [MESSAGE][PASSED] - Object: 'Object Repository/Page_Google/a_' is clicked on

2023-09-18 15:08:54 - [TEST_STEP][PASSED] - closeBrowser(): Browser is closed

2023-09-18 15:08:55 - [MESSAGE][PASSED] - Browser is closed]]></system-out>
         <system-err><![CDATA[]]></system-err>
      </testcase>
      <testcase name="Test Cases/TC_009" time="10.831" classname="Test Cases/TC_009" status="PASSED">
         <system-out><![CDATA[2023-09-18 15:08:55 - [TEST_CASE][PASSED] - Test Cases/TC_009: Test Cases/TC_009

2023-09-18 15:08:55 - [TEST_STEP][PASSED] - openBrowser(""): Browser is opened with url: ''

2023-09-18 15:08:55 - [MESSAGE][INFO] - Starting 'Chrome' driver

2023-09-18 15:08:55 - [MESSAGE][INFO] - Action delay is set to 0 milliseconds

2023-09-18 15:08:56 - [MESSAGE][PASSED] - Browser is opened with url: ''

2023-09-18 15:08:56 - [TEST_STEP][PASSED] - navigateToUrl("https://www.google.com/"): Navigate to 'https://www.google.com/' successfully

2023-09-18 15:09:02 - [MESSAGE][PASSED] - Navigate to 'https://www.google.com/' successfully

2023-09-18 15:09:02 - [TEST_STEP][PASSED] - click(findTestObject("Object Repository/Page_Google/a_")): Object: 'Object Repository/Page_Google/a_' is clicked on

2023-09-18 15:09:05 - [MESSAGE][PASSED] - Object: 'Object Repository/Page_Google/a_' is clicked on

2023-09-18 15:09:05 - [TEST_STEP][PASSED] - closeBrowser(): Browser is closed

2023-09-18 15:09:05 - [MESSAGE][PASSED] - Browser is closed]]></system-out>
         <system-err><![CDATA[]]></system-err>
      </testcase>
      <system-out><![CDATA[2023-09-18 15:02:49 - [TEST_SUITE][PASSED] - TestSuite_001: Test Cases/TC_009]]></system-out>
      <system-err><![CDATA[]]></system-err>
   </testsuite>
</testsuites>
