<?xml version="1.0" encoding="UTF-8"?>
<testsuites name="TestSuite4" time="61.355" tests="2" failures="0" errors="0">
   <testsuite name="TestSuite4" tests="2" failures="0" errors="0" time="61.355" skipped="0" timestamp="2023-09-26 13:38:13" hostname="hiba.naaz - ZIL482.perficient.com" id="Test Suites/TestSuite4">
      <properties>
         <property name="deviceName" value=""/>
         <property name="devicePlatform" value=""/>
         <property name="logFolder" value="C:\\Users\\hiba.naaz\\git\\Katalon-Practice\\Reports\\20230926_133620\\TestSuite4\\20230926_133623"/>
         <property name="logFiles" value="C:\\Users\\hiba.naaz\\git\\Katalon-Practice\\Reports\\20230926_133620\\TestSuite4\\20230926_133623\\execution0.log"/>
         <property name="attachments" value=""/>
         <property name="hostName" value="hiba.naaz - ZIL482.perficient.com"/>
         <property name="os" value="Windows 10 64bit"/>
         <property name="katalonVersion" value="8.6.8.208"/>
         <property name="browser" value="Chrome 117.0.0.0"/>
         <property name="hostAddress" value="10.112.37.129"/>
         <property name="sessionId" value="ad33e288f05b477af3b70a2792abbdbc"/>
         <property name="seleniumVersion" value="3.141.59"/>
         <property name="proxyInformation" value="ProxyInformation { proxyOption=NO_PROXY, proxyServerType=HTTP, username=, password=********, proxyServerAddress=, proxyServerPort=0, executionList=&quot;&quot;, isApplyToDesiredCapabilities=true }"/>
         <property name="platform" value="Windows 10"/>
      </properties>
      <testcase name="Test Cases/TC_05" time="19.291" classname="Test Cases/TC_05" status="PASSED">
         <system-out><![CDATA[2023-09-26 13:38:14 - [TEST_CASE][PASSED] - Test Cases/TC_05: Test Cases/TC_05

2023-09-26 13:38:14 - [TEST_STEP][PASSED] - openBrowser(""): Browser is opened with url: ''

2023-09-26 13:38:14 - [MESSAGE][INFO] - Starting 'Chrome' driver

2023-09-26 13:38:14 - [MESSAGE][INFO] - Action delay is set to 0 milliseconds

2023-09-26 13:38:16 - [MESSAGE][PASSED] - Browser is opened with url: ''

2023-09-26 13:38:16 - [TEST_STEP][PASSED] - navigateToUrl("https://www.zomato.com/"): Navigate to 'https://www.zomato.com/' successfully

2023-09-26 13:38:31 - [MESSAGE][PASSED] - Navigate to 'https://www.zomato.com/' successfully

2023-09-26 13:38:31 - [TEST_STEP][PASSED] - rightClick(findTestObject("Object Repository/Page_Zomato/img_Sign up_high-res-image")): Object: 'Object Repository/Page_Zomato/img_Sign up_high-res-image' is right clicked on

2023-09-26 13:38:32 - [MESSAGE][PASSED] - Object: 'Object Repository/Page_Zomato/img_Sign up_high-res-image' is right clicked on

2023-09-26 13:38:32 - [TEST_STEP][PASSED] - verifyElementText(findTestObject("Object Repository/Page_Zomato/img_Sign up_high-res-image"), ""): Actual text and expected text of test object 'Object Repository/Page_Zomato/img_Sign up_high-res-image' are matched.

2023-09-26 13:38:32 - [MESSAGE][PASSED] - Actual text and expected text of test object 'Object Repository/Page_Zomato/img_Sign up_high-res-image' are matched.

2023-09-26 13:38:32 - [TEST_STEP][PASSED] - closeBrowser(): Browser is closed

2023-09-26 13:38:33 - [MESSAGE][PASSED] - Browser is closed]]></system-out>
         <system-err><![CDATA[]]></system-err>
      </testcase>
      <testcase name="Test Cases/TC_08" time="41.81" classname="Test Cases/TC_08" status="PASSED">
         <system-out><![CDATA[2023-09-26 13:38:33 - [TEST_CASE][PASSED] - Test Cases/TC_08: Test Cases/TC_08

2023-09-26 13:38:33 - [TEST_STEP][PASSED] - openBrowser(""): Browser is opened with url: ''

2023-09-26 13:38:34 - [MESSAGE][INFO] - Starting 'Chrome' driver

2023-09-26 13:38:34 - [MESSAGE][INFO] - Action delay is set to 0 milliseconds

2023-09-26 13:38:35 - [MESSAGE][PASSED] - Browser is opened with url: ''

2023-09-26 13:38:35 - [TEST_STEP][PASSED] - navigateToUrl("https://www.udemy.com/"): Navigate to 'https://www.udemy.com/' successfully

2023-09-26 13:38:42 - [MESSAGE][PASSED] - Navigate to 'https://www.udemy.com/' successfully

2023-09-26 13:38:42 - [TEST_STEP][PASSED] - click(findTestObject("Object Repository/Page_Online Courses - Learn Anything, On Yo_3e631d/span_Categories")): Object: 'Object Repository/Page_Online Courses - Learn Anything, On Yo_3e631d/span_Categories' is clicked on

2023-09-26 13:39:14 - [MESSAGE][INFO] - Unable to find the element located by 'By.xpath: //button[@id='u172-popper-trigger--1']/span'. Please recheck the objects properties to make sure the desired element is located. 

2023-09-26 13:39:14 - [MESSAGE][WARNING] - [SELF-HEALING] Failed to find element with id 'Object Repository/Page_Online Courses - Learn Anything, On Yo_3e631d/span_Categories'. Try using Self-healing.

2023-09-26 13:39:14 - [MESSAGE][WARNING] - [SELF-HEALING] The current locator of test object 'Object Repository/Page_Online Courses - Learn Anything, On Yo_3e631d/span_Categories' was broken. Propose an alternative one: '(.//*[normalize-space(text()) and normalize-space(.)='Skip to content'])[1]/following::span[1]'.

2023-09-26 13:39:14 - [MESSAGE][PASSED] - Object: 'Object Repository/Page_Online Courses - Learn Anything, On Yo_3e631d/span_Categories' is clicked on

2023-09-26 13:39:14 - [TEST_STEP][PASSED] - closeBrowser(): Browser is closed

2023-09-26 13:39:15 - [MESSAGE][PASSED] - Browser is closed]]></system-out>
         <system-err><![CDATA[]]></system-err>
      </testcase>
      <system-out><![CDATA[2023-09-26 13:38:13 - [TEST_SUITE][PASSED] - TestSuite4: Test Cases/TC_08]]></system-out>
      <system-err><![CDATA[]]></system-err>
   </testsuite>
</testsuites>
