<?xml version="1.0" encoding="UTF-8"?>
<testsuites name="TestSuite_001" time="374.466" tests="30" failures="0" errors="0">
   <testsuite name="TestSuite_001" tests="30" failures="0" errors="0" time="374.466" skipped="0" timestamp="2023-09-18 14:49:18" hostname="hiba.naaz - ZIL482.perficient.com" id="Test Suites/TestSuite_001">
      <properties>
         <property name="deviceName" value=""/>
         <property name="devicePlatform" value=""/>
         <property name="logFolder" value="C:\\Users\\hiba.naaz\\git\\Katalon-Practice\\Reports\\20230918_144915\\TestSuite_001\\20230918_144915"/>
         <property name="logFiles" value="C:\\Users\\hiba.naaz\\git\\Katalon-Practice\\Reports\\20230918_144915\\TestSuite_001\\20230918_144915\\execution0.log"/>
         <property name="attachments" value=""/>
         <property name="hostName" value="hiba.naaz - ZIL482.perficient.com"/>
         <property name="os" value="Windows 10 64bit"/>
         <property name="katalonVersion" value="8.6.8.208"/>
         <property name="browser" value="Chrome 116.0.0.0"/>
         <property name="hostAddress" value="10.112.37.41"/>
         <property name="sessionId" value="9c41c1e853159ab8c4c00efce784629d"/>
         <property name="seleniumVersion" value="3.141.59"/>
         <property name="proxyInformation" value="ProxyInformation { proxyOption=NO_PROXY, proxyServerType=HTTP, username=, password=********, proxyServerAddress=, proxyServerPort=0, executionList=&quot;&quot;, isApplyToDesiredCapabilities=true }"/>
         <property name="platform" value="Windows 10"/>
      </properties>
      <testcase name="Test Cases/TC_001" time="11.052" classname="Test Cases/TC_001" status="PASSED">
         <system-out><![CDATA[2023-09-18 14:49:18 - [TEST_CASE][PASSED] - Test Cases/TC_001: Test Cases/TC_001

2023-09-18 14:49:18 - [TEST_STEP][PASSED] - openBrowser(""): Browser is opened with url: ''

2023-09-18 14:49:19 - [MESSAGE][INFO] - Starting 'Chrome' driver

2023-09-18 14:49:19 - [MESSAGE][INFO] - Action delay is set to 0 milliseconds

2023-09-18 14:49:21 - [MESSAGE][PASSED] - Browser is opened with url: ''

2023-09-18 14:49:21 - [TEST_STEP][PASSED] - maximizeWindow(): Current window maximized

2023-09-18 14:49:21 - [MESSAGE][PASSED] - Current window maximized

2023-09-18 14:49:21 - [TEST_STEP][PASSED] - navigateToUrl("https://www.google.com/"): Navigate to 'https://www.google.com/' successfully

2023-09-18 14:49:27 - [MESSAGE][PASSED] - Navigate to 'https://www.google.com/' successfully

2023-09-18 14:49:27 - [TEST_STEP][PASSED] - setText(findTestObject("Page_Google/textarea__q"), "gmail"): Text 'gmail' is set on object 'Object Repository/Page_Google/textarea__q'

2023-09-18 14:49:28 - [MESSAGE][PASSED] - Text 'gmail' is set on object 'Object Repository/Page_Google/textarea__q'

2023-09-18 14:49:28 - [TEST_STEP][PASSED] - closeBrowser(): Browser is closed

2023-09-18 14:49:29 - [MESSAGE][PASSED] - Browser is closed]]></system-out>
         <system-err><![CDATA[]]></system-err>
      </testcase>
      <testcase name="Test Cases/TC_0010" time="11.16" classname="Test Cases/TC_0010" status="PASSED">
         <system-out><![CDATA[2023-09-18 14:49:29 - [TEST_CASE][PASSED] - Test Cases/TC_0010: Test Cases/TC_0010

2023-09-18 14:49:29 - [TEST_STEP][PASSED] - openBrowser(""): Browser is opened with url: ''

2023-09-18 14:49:29 - [MESSAGE][INFO] - Starting 'Chrome' driver

2023-09-18 14:49:29 - [MESSAGE][INFO] - Action delay is set to 0 milliseconds

2023-09-18 14:49:31 - [MESSAGE][PASSED] - Browser is opened with url: ''

2023-09-18 14:49:31 - [TEST_STEP][PASSED] - navigateToUrl("https://www.google.com/"): Navigate to 'https://www.google.com/' successfully

2023-09-18 14:49:36 - [MESSAGE][PASSED] - Navigate to 'https://www.google.com/' successfully

2023-09-18 14:49:36 - [TEST_STEP][PASSED] - click(findTestObject("Object Repository/Page_Google/a_")): Object: 'Object Repository/Page_Google/a_' is clicked on

2023-09-18 14:49:39 - [MESSAGE][PASSED] - Object: 'Object Repository/Page_Google/a_' is clicked on

2023-09-18 14:49:39 - [TEST_STEP][PASSED] - closeBrowser(): Browser is closed

2023-09-18 14:49:40 - [MESSAGE][PASSED] - Browser is closed]]></system-out>
         <system-err><![CDATA[]]></system-err>
      </testcase>
      <testcase name="Test Cases/TC_0011" time="11.643" classname="Test Cases/TC_0011" status="PASSED">
         <system-out><![CDATA[2023-09-18 14:49:40 - [TEST_CASE][PASSED] - Test Cases/TC_0011: Test Cases/TC_0011

2023-09-18 14:49:40 - [TEST_STEP][PASSED] - openBrowser(""): Browser is opened with url: ''

2023-09-18 14:49:40 - [MESSAGE][INFO] - Starting 'Chrome' driver

2023-09-18 14:49:40 - [MESSAGE][INFO] - Action delay is set to 0 milliseconds

2023-09-18 14:49:42 - [MESSAGE][PASSED] - Browser is opened with url: ''

2023-09-18 14:49:42 - [TEST_STEP][PASSED] - navigateToUrl("https://www.google.com/"): Navigate to 'https://www.google.com/' successfully

2023-09-18 14:49:48 - [MESSAGE][PASSED] - Navigate to 'https://www.google.com/' successfully

2023-09-18 14:49:48 - [TEST_STEP][PASSED] - click(findTestObject("Object Repository/Page_Google/a_")): Object: 'Object Repository/Page_Google/a_' is clicked on

2023-09-18 14:49:51 - [MESSAGE][PASSED] - Object: 'Object Repository/Page_Google/a_' is clicked on

2023-09-18 14:49:51 - [TEST_STEP][PASSED] - closeBrowser(): Browser is closed

2023-09-18 14:49:52 - [MESSAGE][PASSED] - Browser is closed]]></system-out>
         <system-err><![CDATA[]]></system-err>
      </testcase>
      <testcase name="Test Cases/TC_0012" time="11.435" classname="Test Cases/TC_0012" status="PASSED">
         <system-out><![CDATA[2023-09-18 14:49:52 - [TEST_CASE][PASSED] - Test Cases/TC_0012: Test Cases/TC_0012

2023-09-18 14:49:52 - [TEST_STEP][PASSED] - openBrowser(""): Browser is opened with url: ''

2023-09-18 14:49:52 - [MESSAGE][INFO] - Starting 'Chrome' driver

2023-09-18 14:49:52 - [MESSAGE][INFO] - Action delay is set to 0 milliseconds

2023-09-18 14:49:53 - [MESSAGE][PASSED] - Browser is opened with url: ''

2023-09-18 14:49:53 - [TEST_STEP][PASSED] - navigateToUrl("https://www.google.com/"): Navigate to 'https://www.google.com/' successfully

2023-09-18 14:49:59 - [MESSAGE][PASSED] - Navigate to 'https://www.google.com/' successfully

2023-09-18 14:49:59 - [TEST_STEP][PASSED] - click(findTestObject("Object Repository/Page_Google/a_")): Object: 'Object Repository/Page_Google/a_' is clicked on

2023-09-18 14:50:03 - [MESSAGE][PASSED] - Object: 'Object Repository/Page_Google/a_' is clicked on

2023-09-18 14:50:03 - [TEST_STEP][PASSED] - closeBrowser(): Browser is closed

2023-09-18 14:50:03 - [MESSAGE][PASSED] - Browser is closed]]></system-out>
         <system-err><![CDATA[]]></system-err>
      </testcase>
      <testcase name="Test Cases/TC_0013" time="10.462" classname="Test Cases/TC_0013" status="PASSED">
         <system-out><![CDATA[2023-09-18 14:50:03 - [TEST_CASE][PASSED] - Test Cases/TC_0013: Test Cases/TC_0013

2023-09-18 14:50:04 - [TEST_STEP][PASSED] - openBrowser(""): Browser is opened with url: ''

2023-09-18 14:50:04 - [MESSAGE][INFO] - Starting 'Chrome' driver

2023-09-18 14:50:04 - [MESSAGE][INFO] - Action delay is set to 0 milliseconds

2023-09-18 14:50:05 - [MESSAGE][PASSED] - Browser is opened with url: ''

2023-09-18 14:50:05 - [TEST_STEP][PASSED] - navigateToUrl("https://www.google.com/"): Navigate to 'https://www.google.com/' successfully

2023-09-18 14:50:11 - [MESSAGE][PASSED] - Navigate to 'https://www.google.com/' successfully

2023-09-18 14:50:11 - [TEST_STEP][PASSED] - click(findTestObject("Object Repository/Page_Google/a_")): Object: 'Object Repository/Page_Google/a_' is clicked on

2023-09-18 14:50:13 - [MESSAGE][PASSED] - Object: 'Object Repository/Page_Google/a_' is clicked on

2023-09-18 14:50:13 - [TEST_STEP][PASSED] - closeBrowser(): Browser is closed

2023-09-18 14:50:14 - [MESSAGE][PASSED] - Browser is closed]]></system-out>
         <system-err><![CDATA[]]></system-err>
      </testcase>
      <testcase name="Test Cases/TC_0014" time="11.582" classname="Test Cases/TC_0014" status="PASSED">
         <system-out><![CDATA[2023-09-18 14:50:14 - [TEST_CASE][PASSED] - Test Cases/TC_0014: Test Cases/TC_0014

2023-09-18 14:50:14 - [TEST_STEP][PASSED] - openBrowser(""): Browser is opened with url: ''

2023-09-18 14:50:14 - [MESSAGE][INFO] - Starting 'Chrome' driver

2023-09-18 14:50:14 - [MESSAGE][INFO] - Action delay is set to 0 milliseconds

2023-09-18 14:50:15 - [MESSAGE][PASSED] - Browser is opened with url: ''

2023-09-18 14:50:15 - [TEST_STEP][PASSED] - navigateToUrl("https://www.google.com/"): Navigate to 'https://www.google.com/' successfully

2023-09-18 14:50:21 - [MESSAGE][PASSED] - Navigate to 'https://www.google.com/' successfully

2023-09-18 14:50:21 - [TEST_STEP][PASSED] - click(findTestObject("Object Repository/Page_Google/a_")): Object: 'Object Repository/Page_Google/a_' is clicked on

2023-09-18 14:50:25 - [MESSAGE][PASSED] - Object: 'Object Repository/Page_Google/a_' is clicked on

2023-09-18 14:50:25 - [TEST_STEP][PASSED] - closeBrowser(): Browser is closed

2023-09-18 14:50:25 - [MESSAGE][PASSED] - Browser is closed]]></system-out>
         <system-err><![CDATA[]]></system-err>
      </testcase>
      <testcase name="Test Cases/TC_0015" time="9.85" classname="Test Cases/TC_0015" status="PASSED">
         <system-out><![CDATA[2023-09-18 14:50:25 - [TEST_CASE][PASSED] - Test Cases/TC_0015: Test Cases/TC_0015

2023-09-18 14:50:26 - [TEST_STEP][PASSED] - openBrowser(""): Browser is opened with url: ''

2023-09-18 14:50:26 - [MESSAGE][INFO] - Starting 'Chrome' driver

2023-09-18 14:50:26 - [MESSAGE][INFO] - Action delay is set to 0 milliseconds

2023-09-18 14:50:27 - [MESSAGE][PASSED] - Browser is opened with url: ''

2023-09-18 14:50:27 - [TEST_STEP][PASSED] - navigateToUrl("https://www.google.com/"): Navigate to 'https://www.google.com/' successfully

2023-09-18 14:50:32 - [MESSAGE][PASSED] - Navigate to 'https://www.google.com/' successfully

2023-09-18 14:50:32 - [TEST_STEP][PASSED] - click(findTestObject("Object Repository/Page_Google/a_")): Object: 'Object Repository/Page_Google/a_' is clicked on

2023-09-18 14:50:34 - [MESSAGE][PASSED] - Object: 'Object Repository/Page_Google/a_' is clicked on

2023-09-18 14:50:34 - [TEST_STEP][PASSED] - closeBrowser(): Browser is closed

2023-09-18 14:50:35 - [MESSAGE][PASSED] - Browser is closed]]></system-out>
         <system-err><![CDATA[]]></system-err>
      </testcase>
      <testcase name="Test Cases/TC_0016" time="11.69" classname="Test Cases/TC_0016" status="PASSED">
         <system-out><![CDATA[2023-09-18 14:50:35 - [TEST_CASE][PASSED] - Test Cases/TC_0016: Test Cases/TC_0016

2023-09-18 14:50:35 - [TEST_STEP][PASSED] - openBrowser(""): Browser is opened with url: ''

2023-09-18 14:50:35 - [MESSAGE][INFO] - Starting 'Chrome' driver

2023-09-18 14:50:35 - [MESSAGE][INFO] - Action delay is set to 0 milliseconds

2023-09-18 14:50:37 - [MESSAGE][PASSED] - Browser is opened with url: ''

2023-09-18 14:50:37 - [TEST_STEP][PASSED] - navigateToUrl("https://www.google.com/"): Navigate to 'https://www.google.com/' successfully

2023-09-18 14:50:43 - [MESSAGE][PASSED] - Navigate to 'https://www.google.com/' successfully

2023-09-18 14:50:43 - [TEST_STEP][PASSED] - click(findTestObject("Object Repository/Page_Google/a_")): Object: 'Object Repository/Page_Google/a_' is clicked on

2023-09-18 14:50:46 - [MESSAGE][PASSED] - Object: 'Object Repository/Page_Google/a_' is clicked on

2023-09-18 14:50:46 - [TEST_STEP][PASSED] - closeBrowser(): Browser is closed

2023-09-18 14:50:47 - [MESSAGE][PASSED] - Browser is closed]]></system-out>
         <system-err><![CDATA[]]></system-err>
      </testcase>
      <testcase name="Test Cases/TC_0017" time="9.995" classname="Test Cases/TC_0017" status="PASSED">
         <system-out><![CDATA[2023-09-18 14:50:47 - [TEST_CASE][PASSED] - Test Cases/TC_0017: Test Cases/TC_0017

2023-09-18 14:50:47 - [TEST_STEP][PASSED] - openBrowser(""): Browser is opened with url: ''

2023-09-18 14:50:47 - [MESSAGE][INFO] - Starting 'Chrome' driver

2023-09-18 14:50:47 - [MESSAGE][INFO] - Action delay is set to 0 milliseconds

2023-09-18 14:50:49 - [MESSAGE][PASSED] - Browser is opened with url: ''

2023-09-18 14:50:49 - [TEST_STEP][PASSED] - navigateToUrl("https://www.google.com/"): Navigate to 'https://www.google.com/' successfully

2023-09-18 14:50:54 - [MESSAGE][PASSED] - Navigate to 'https://www.google.com/' successfully

2023-09-18 14:50:54 - [TEST_STEP][PASSED] - click(findTestObject("Object Repository/Page_Google/a_")): Object: 'Object Repository/Page_Google/a_' is clicked on

2023-09-18 14:50:56 - [MESSAGE][PASSED] - Object: 'Object Repository/Page_Google/a_' is clicked on

2023-09-18 14:50:56 - [TEST_STEP][PASSED] - closeBrowser(): Browser is closed

2023-09-18 14:50:57 - [MESSAGE][PASSED] - Browser is closed]]></system-out>
         <system-err><![CDATA[]]></system-err>
      </testcase>
      <testcase name="Test Cases/TC_0018" time="11.623" classname="Test Cases/TC_0018" status="PASSED">
         <system-out><![CDATA[2023-09-18 14:50:57 - [TEST_CASE][PASSED] - Test Cases/TC_0018: Test Cases/TC_0018

2023-09-18 14:50:57 - [TEST_STEP][PASSED] - openBrowser(""): Browser is opened with url: ''

2023-09-18 14:50:57 - [MESSAGE][INFO] - Starting 'Chrome' driver

2023-09-18 14:50:57 - [MESSAGE][INFO] - Action delay is set to 0 milliseconds

2023-09-18 14:50:59 - [MESSAGE][PASSED] - Browser is opened with url: ''

2023-09-18 14:50:59 - [TEST_STEP][PASSED] - navigateToUrl("https://www.google.com/"): Navigate to 'https://www.google.com/' successfully

2023-09-18 14:51:05 - [MESSAGE][PASSED] - Navigate to 'https://www.google.com/' successfully

2023-09-18 14:51:05 - [TEST_STEP][PASSED] - click(findTestObject("Object Repository/Page_Google/a_")): Object: 'Object Repository/Page_Google/a_' is clicked on

2023-09-18 14:51:08 - [MESSAGE][PASSED] - Object: 'Object Repository/Page_Google/a_' is clicked on

2023-09-18 14:51:08 - [TEST_STEP][PASSED] - closeBrowser(): Browser is closed

2023-09-18 14:51:08 - [MESSAGE][PASSED] - Browser is closed]]></system-out>
         <system-err><![CDATA[]]></system-err>
      </testcase>
      <testcase name="Test Cases/TC_0019" time="10.999" classname="Test Cases/TC_0019" status="PASSED">
         <system-out><![CDATA[2023-09-18 14:51:08 - [TEST_CASE][PASSED] - Test Cases/TC_0019: Test Cases/TC_0019

2023-09-18 14:51:09 - [TEST_STEP][PASSED] - openBrowser(""): Browser is opened with url: ''

2023-09-18 14:51:09 - [MESSAGE][INFO] - Starting 'Chrome' driver

2023-09-18 14:51:09 - [MESSAGE][INFO] - Action delay is set to 0 milliseconds

2023-09-18 14:51:10 - [MESSAGE][PASSED] - Browser is opened with url: ''

2023-09-18 14:51:10 - [TEST_STEP][PASSED] - navigateToUrl("https://www.google.com/"): Navigate to 'https://www.google.com/' successfully

2023-09-18 14:51:16 - [MESSAGE][PASSED] - Navigate to 'https://www.google.com/' successfully

2023-09-18 14:51:16 - [TEST_STEP][PASSED] - click(findTestObject("Object Repository/Page_Google/a_")): Object: 'Object Repository/Page_Google/a_' is clicked on

2023-09-18 14:51:19 - [MESSAGE][PASSED] - Object: 'Object Repository/Page_Google/a_' is clicked on

2023-09-18 14:51:19 - [TEST_STEP][PASSED] - closeBrowser(): Browser is closed

2023-09-18 14:51:19 - [MESSAGE][PASSED] - Browser is closed]]></system-out>
         <system-err><![CDATA[]]></system-err>
      </testcase>
      <testcase name="Test Cases/TC_002" time="13.318" classname="Test Cases/TC_002" status="PASSED">
         <system-out><![CDATA[2023-09-18 14:51:19 - [TEST_CASE][PASSED] - Test Cases/TC_002: Test Cases/TC_002

2023-09-18 14:51:20 - [TEST_STEP][PASSED] - openBrowser(""): Browser is opened with url: ''

2023-09-18 14:51:20 - [MESSAGE][INFO] - Starting 'Chrome' driver

2023-09-18 14:51:20 - [MESSAGE][INFO] - Action delay is set to 0 milliseconds

2023-09-18 14:51:21 - [MESSAGE][PASSED] - Browser is opened with url: ''

2023-09-18 14:51:21 - [TEST_STEP][PASSED] - navigateToUrl("https://www.google.com/?gws_rd=ssl"): Navigate to 'https://www.google.com/?gws_rd=ssl' successfully

2023-09-18 14:51:27 - [MESSAGE][PASSED] - Navigate to 'https://www.google.com/?gws_rd=ssl' successfully

2023-09-18 14:51:27 - [TEST_STEP][PASSED] - maximizeWindow(): Current window maximized

2023-09-18 14:51:27 - [MESSAGE][PASSED] - Current window maximized

2023-09-18 14:51:27 - [TEST_STEP][PASSED] - click(findTestObject("Object Repository/Page_Google/input_Delete_btnI")): Object: 'Object Repository/Page_Google/input_Delete_btnI' is clicked on

2023-09-18 14:51:32 - [MESSAGE][PASSED] - Object: 'Object Repository/Page_Google/input_Delete_btnI' is clicked on

2023-09-18 14:51:32 - [TEST_STEP][PASSED] - closeBrowser(): Browser is closed

2023-09-18 14:51:33 - [MESSAGE][PASSED] - Browser is closed]]></system-out>
         <system-err><![CDATA[]]></system-err>
      </testcase>
      <testcase name="Test Cases/TC_0020" time="13.792" classname="Test Cases/TC_0020" status="PASSED">
         <system-out><![CDATA[2023-09-18 14:51:33 - [TEST_CASE][PASSED] - Test Cases/TC_0020: Test Cases/TC_0020

2023-09-18 14:51:33 - [TEST_STEP][PASSED] - openBrowser(""): Browser is opened with url: ''

2023-09-18 14:51:33 - [MESSAGE][INFO] - Starting 'Chrome' driver

2023-09-18 14:51:33 - [MESSAGE][INFO] - Action delay is set to 0 milliseconds

2023-09-18 14:51:34 - [MESSAGE][PASSED] - Browser is opened with url: ''

2023-09-18 14:51:34 - [TEST_STEP][PASSED] - navigateToUrl("https://www.google.com/"): Navigate to 'https://www.google.com/' successfully

2023-09-18 14:51:42 - [MESSAGE][PASSED] - Navigate to 'https://www.google.com/' successfully

2023-09-18 14:51:42 - [TEST_STEP][PASSED] - click(findTestObject("Object Repository/Page_Google/a_")): Object: 'Object Repository/Page_Google/a_' is clicked on

2023-09-18 14:51:46 - [MESSAGE][PASSED] - Object: 'Object Repository/Page_Google/a_' is clicked on

2023-09-18 14:51:46 - [TEST_STEP][PASSED] - closeBrowser(): Browser is closed

2023-09-18 14:51:47 - [MESSAGE][PASSED] - Browser is closed]]></system-out>
         <system-err><![CDATA[]]></system-err>
      </testcase>
      <testcase name="Test Cases/TC_0021" time="10.616" classname="Test Cases/TC_0021" status="PASSED">
         <system-out><![CDATA[2023-09-18 14:51:47 - [TEST_CASE][PASSED] - Test Cases/TC_0021: Test Cases/TC_0021

2023-09-18 14:51:47 - [TEST_STEP][PASSED] - openBrowser(""): Browser is opened with url: ''

2023-09-18 14:51:47 - [MESSAGE][INFO] - Starting 'Chrome' driver

2023-09-18 14:51:47 - [MESSAGE][INFO] - Action delay is set to 0 milliseconds

2023-09-18 14:51:48 - [MESSAGE][PASSED] - Browser is opened with url: ''

2023-09-18 14:51:48 - [TEST_STEP][PASSED] - navigateToUrl("https://www.google.com/"): Navigate to 'https://www.google.com/' successfully

2023-09-18 14:51:54 - [MESSAGE][PASSED] - Navigate to 'https://www.google.com/' successfully

2023-09-18 14:51:54 - [TEST_STEP][PASSED] - click(findTestObject("Object Repository/Page_Google/a_")): Object: 'Object Repository/Page_Google/a_' is clicked on

2023-09-18 14:51:57 - [MESSAGE][PASSED] - Object: 'Object Repository/Page_Google/a_' is clicked on

2023-09-18 14:51:57 - [TEST_STEP][PASSED] - closeBrowser(): Browser is closed

2023-09-18 14:51:57 - [MESSAGE][PASSED] - Browser is closed]]></system-out>
         <system-err><![CDATA[]]></system-err>
      </testcase>
      <testcase name="Test Cases/TC_0022" time="10.361" classname="Test Cases/TC_0022" status="PASSED">
         <system-out><![CDATA[2023-09-18 14:51:57 - [TEST_CASE][PASSED] - Test Cases/TC_0022: Test Cases/TC_0022

2023-09-18 14:51:58 - [TEST_STEP][PASSED] - openBrowser(""): Browser is opened with url: ''

2023-09-18 14:51:58 - [MESSAGE][INFO] - Starting 'Chrome' driver

2023-09-18 14:51:58 - [MESSAGE][INFO] - Action delay is set to 0 milliseconds

2023-09-18 14:51:59 - [MESSAGE][PASSED] - Browser is opened with url: ''

2023-09-18 14:51:59 - [TEST_STEP][PASSED] - navigateToUrl("https://www.google.com/"): Navigate to 'https://www.google.com/' successfully

2023-09-18 14:52:05 - [MESSAGE][PASSED] - Navigate to 'https://www.google.com/' successfully

2023-09-18 14:52:05 - [TEST_STEP][PASSED] - click(findTestObject("Object Repository/Page_Google/a_")): Object: 'Object Repository/Page_Google/a_' is clicked on

2023-09-18 14:52:07 - [MESSAGE][PASSED] - Object: 'Object Repository/Page_Google/a_' is clicked on

2023-09-18 14:52:07 - [TEST_STEP][PASSED] - closeBrowser(): Browser is closed

2023-09-18 14:52:08 - [MESSAGE][PASSED] - Browser is closed]]></system-out>
         <system-err><![CDATA[]]></system-err>
      </testcase>
      <testcase name="Test Cases/TC_0023" time="10.012" classname="Test Cases/TC_0023" status="PASSED">
         <system-out><![CDATA[2023-09-18 14:52:08 - [TEST_CASE][PASSED] - Test Cases/TC_0023: Test Cases/TC_0023

2023-09-18 14:52:08 - [TEST_STEP][PASSED] - openBrowser(""): Browser is opened with url: ''

2023-09-18 14:52:08 - [MESSAGE][INFO] - Starting 'Chrome' driver

2023-09-18 14:52:08 - [MESSAGE][INFO] - Action delay is set to 0 milliseconds

2023-09-18 14:52:09 - [MESSAGE][PASSED] - Browser is opened with url: ''

2023-09-18 14:52:09 - [TEST_STEP][PASSED] - navigateToUrl("https://www.google.com/"): Navigate to 'https://www.google.com/' successfully

2023-09-18 14:52:15 - [MESSAGE][PASSED] - Navigate to 'https://www.google.com/' successfully

2023-09-18 14:52:15 - [TEST_STEP][PASSED] - click(findTestObject("Object Repository/Page_Google/a_")): Object: 'Object Repository/Page_Google/a_' is clicked on

2023-09-18 14:52:17 - [MESSAGE][PASSED] - Object: 'Object Repository/Page_Google/a_' is clicked on

2023-09-18 14:52:17 - [TEST_STEP][PASSED] - closeBrowser(): Browser is closed

2023-09-18 14:52:18 - [MESSAGE][PASSED] - Browser is closed]]></system-out>
         <system-err><![CDATA[]]></system-err>
      </testcase>
      <testcase name="Test Cases/TC_0024" time="10.358" classname="Test Cases/TC_0024" status="PASSED">
         <system-out><![CDATA[2023-09-18 14:52:18 - [TEST_CASE][PASSED] - Test Cases/TC_0024: Test Cases/TC_0024

2023-09-18 14:52:18 - [TEST_STEP][PASSED] - openBrowser(""): Browser is opened with url: ''

2023-09-18 14:52:18 - [MESSAGE][INFO] - Starting 'Chrome' driver

2023-09-18 14:52:18 - [MESSAGE][INFO] - Action delay is set to 0 milliseconds

2023-09-18 14:52:19 - [MESSAGE][PASSED] - Browser is opened with url: ''

2023-09-18 14:52:19 - [TEST_STEP][PASSED] - navigateToUrl("https://www.google.com/"): Navigate to 'https://www.google.com/' successfully

2023-09-18 14:52:25 - [MESSAGE][PASSED] - Navigate to 'https://www.google.com/' successfully

2023-09-18 14:52:25 - [TEST_STEP][PASSED] - click(findTestObject("Object Repository/Page_Google/a_")): Object: 'Object Repository/Page_Google/a_' is clicked on

2023-09-18 14:52:27 - [MESSAGE][PASSED] - Object: 'Object Repository/Page_Google/a_' is clicked on

2023-09-18 14:52:27 - [TEST_STEP][PASSED] - closeBrowser(): Browser is closed

2023-09-18 14:52:28 - [MESSAGE][PASSED] - Browser is closed]]></system-out>
         <system-err><![CDATA[]]></system-err>
      </testcase>
      <testcase name="Test Cases/TC_0025" time="10.999" classname="Test Cases/TC_0025" status="PASSED">
         <system-out><![CDATA[2023-09-18 14:52:28 - [TEST_CASE][PASSED] - Test Cases/TC_0025: Test Cases/TC_0025

2023-09-18 14:52:28 - [TEST_STEP][PASSED] - openBrowser(""): Browser is opened with url: ''

2023-09-18 14:52:28 - [MESSAGE][INFO] - Starting 'Chrome' driver

2023-09-18 14:52:28 - [MESSAGE][INFO] - Action delay is set to 0 milliseconds

2023-09-18 14:52:30 - [MESSAGE][PASSED] - Browser is opened with url: ''

2023-09-18 14:52:30 - [TEST_STEP][PASSED] - navigateToUrl("https://www.google.com/"): Navigate to 'https://www.google.com/' successfully

2023-09-18 14:52:35 - [MESSAGE][PASSED] - Navigate to 'https://www.google.com/' successfully

2023-09-18 14:52:35 - [TEST_STEP][PASSED] - click(findTestObject("Object Repository/Page_Google/a_")): Object: 'Object Repository/Page_Google/a_' is clicked on

2023-09-18 14:52:38 - [MESSAGE][PASSED] - Object: 'Object Repository/Page_Google/a_' is clicked on

2023-09-18 14:52:38 - [TEST_STEP][PASSED] - closeBrowser(): Browser is closed

2023-09-18 14:52:39 - [MESSAGE][PASSED] - Browser is closed]]></system-out>
         <system-err><![CDATA[]]></system-err>
      </testcase>
      <testcase name="Test Cases/TC_0026" time="12.622" classname="Test Cases/TC_0026" status="PASSED">
         <system-out><![CDATA[2023-09-18 14:52:39 - [TEST_CASE][PASSED] - Test Cases/TC_0026: Test Cases/TC_0026

2023-09-18 14:52:39 - [TEST_STEP][PASSED] - openBrowser(""): Browser is opened with url: ''

2023-09-18 14:52:39 - [MESSAGE][INFO] - Starting 'Chrome' driver

2023-09-18 14:52:39 - [MESSAGE][INFO] - Action delay is set to 0 milliseconds

2023-09-18 14:52:41 - [MESSAGE][PASSED] - Browser is opened with url: ''

2023-09-18 14:52:41 - [TEST_STEP][PASSED] - navigateToUrl("https://www.google.com/"): Navigate to 'https://www.google.com/' successfully

2023-09-18 14:52:48 - [MESSAGE][PASSED] - Navigate to 'https://www.google.com/' successfully

2023-09-18 14:52:48 - [TEST_STEP][PASSED] - click(findTestObject("Object Repository/Page_Google/a_")): Object: 'Object Repository/Page_Google/a_' is clicked on

2023-09-18 14:52:51 - [MESSAGE][PASSED] - Object: 'Object Repository/Page_Google/a_' is clicked on

2023-09-18 14:52:51 - [TEST_STEP][PASSED] - closeBrowser(): Browser is closed

2023-09-18 14:52:52 - [MESSAGE][PASSED] - Browser is closed]]></system-out>
         <system-err><![CDATA[]]></system-err>
      </testcase>
      <testcase name="Test Cases/TC_0027" time="10.998" classname="Test Cases/TC_0027" status="PASSED">
         <system-out><![CDATA[2023-09-18 14:52:52 - [TEST_CASE][PASSED] - Test Cases/TC_0027: Test Cases/TC_0027

2023-09-18 14:52:52 - [TEST_STEP][PASSED] - openBrowser(""): Browser is opened with url: ''

2023-09-18 14:52:52 - [MESSAGE][INFO] - Starting 'Chrome' driver

2023-09-18 14:52:52 - [MESSAGE][INFO] - Action delay is set to 0 milliseconds

2023-09-18 14:52:53 - [MESSAGE][PASSED] - Browser is opened with url: ''

2023-09-18 14:52:53 - [TEST_STEP][PASSED] - navigateToUrl("https://www.google.com/"): Navigate to 'https://www.google.com/' successfully

2023-09-18 14:52:59 - [MESSAGE][PASSED] - Navigate to 'https://www.google.com/' successfully

2023-09-18 14:52:59 - [TEST_STEP][PASSED] - click(findTestObject("Object Repository/Page_Google/a_")): Object: 'Object Repository/Page_Google/a_' is clicked on

2023-09-18 14:53:02 - [MESSAGE][PASSED] - Object: 'Object Repository/Page_Google/a_' is clicked on

2023-09-18 14:53:02 - [TEST_STEP][PASSED] - closeBrowser(): Browser is closed

2023-09-18 14:53:03 - [MESSAGE][PASSED] - Browser is closed]]></system-out>
         <system-err><![CDATA[]]></system-err>
      </testcase>
      <testcase name="Test Cases/TC_0028" time="10.512" classname="Test Cases/TC_0028" status="PASSED">
         <system-out><![CDATA[2023-09-18 14:53:03 - [TEST_CASE][PASSED] - Test Cases/TC_0028: Test Cases/TC_0028

2023-09-18 14:53:03 - [TEST_STEP][PASSED] - openBrowser(""): Browser is opened with url: ''

2023-09-18 14:53:03 - [MESSAGE][INFO] - Starting 'Chrome' driver

2023-09-18 14:53:03 - [MESSAGE][INFO] - Action delay is set to 0 milliseconds

2023-09-18 14:53:04 - [MESSAGE][PASSED] - Browser is opened with url: ''

2023-09-18 14:53:04 - [TEST_STEP][PASSED] - navigateToUrl("https://www.google.com/"): Navigate to 'https://www.google.com/' successfully

2023-09-18 14:53:10 - [MESSAGE][PASSED] - Navigate to 'https://www.google.com/' successfully

2023-09-18 14:53:10 - [TEST_STEP][PASSED] - click(findTestObject("Object Repository/Page_Google/a_")): Object: 'Object Repository/Page_Google/a_' is clicked on

2023-09-18 14:53:13 - [MESSAGE][PASSED] - Object: 'Object Repository/Page_Google/a_' is clicked on

2023-09-18 14:53:13 - [TEST_STEP][PASSED] - closeBrowser(): Browser is closed

2023-09-18 14:53:13 - [MESSAGE][PASSED] - Browser is closed]]></system-out>
         <system-err><![CDATA[]]></system-err>
      </testcase>
      <testcase name="Test Cases/TC_0029" time="10.157" classname="Test Cases/TC_0029" status="PASSED">
         <system-out><![CDATA[2023-09-18 14:53:13 - [TEST_CASE][PASSED] - Test Cases/TC_0029: Test Cases/TC_0029

2023-09-18 14:53:14 - [TEST_STEP][PASSED] - openBrowser(""): Browser is opened with url: ''

2023-09-18 14:53:14 - [MESSAGE][INFO] - Starting 'Chrome' driver

2023-09-18 14:53:14 - [MESSAGE][INFO] - Action delay is set to 0 milliseconds

2023-09-18 14:53:15 - [MESSAGE][PASSED] - Browser is opened with url: ''

2023-09-18 14:53:15 - [TEST_STEP][PASSED] - navigateToUrl("https://www.google.com/"): Navigate to 'https://www.google.com/' successfully

2023-09-18 14:53:21 - [MESSAGE][PASSED] - Navigate to 'https://www.google.com/' successfully

2023-09-18 14:53:21 - [TEST_STEP][PASSED] - click(findTestObject("Object Repository/Page_Google/a_")): Object: 'Object Repository/Page_Google/a_' is clicked on

2023-09-18 14:53:23 - [MESSAGE][PASSED] - Object: 'Object Repository/Page_Google/a_' is clicked on

2023-09-18 14:53:23 - [TEST_STEP][PASSED] - closeBrowser(): Browser is closed

2023-09-18 14:53:23 - [MESSAGE][PASSED] - Browser is closed]]></system-out>
         <system-err><![CDATA[]]></system-err>
      </testcase>
      <testcase name="Test Cases/TC_003" time="30.318" classname="Test Cases/TC_003" status="PASSED">
         <system-out><![CDATA[2023-09-18 14:53:23 - [TEST_CASE][PASSED] - Test Cases/TC_003: Test Cases/TC_003

2023-09-18 14:53:24 - [TEST_STEP][PASSED] - openBrowser(""): Browser is opened with url: ''

2023-09-18 14:53:24 - [MESSAGE][INFO] - Starting 'Chrome' driver

2023-09-18 14:53:24 - [MESSAGE][INFO] - Action delay is set to 0 milliseconds

2023-09-18 14:53:25 - [MESSAGE][PASSED] - Browser is opened with url: ''

2023-09-18 14:53:25 - [TEST_STEP][PASSED] - maximizeWindow(): Current window maximized

2023-09-18 14:53:25 - [MESSAGE][PASSED] - Current window maximized

2023-09-18 14:53:25 - [TEST_STEP][PASSED] - navigateToUrl("https://www.uber.com/in/en/"): Navigate to 'https://www.uber.com/in/en/' successfully

2023-09-18 14:53:31 - [MESSAGE][PASSED] - Navigate to 'https://www.uber.com/in/en/' successfully

2023-09-18 14:53:31 - [TEST_STEP][PASSED] - click(findTestObject("Object Repository/Page_Earn Money by Driving or Get a Ride No_86ddf9/img_Drive or deliver_css-iTMoEO")): Object: 'Object Repository/Page_Earn Money by Driving or Get a Ride No_86ddf9/img_Drive or deliver_css-iTMoEO' is clicked on

2023-09-18 14:53:33 - [MESSAGE][PASSED] - Object: 'Object Repository/Page_Earn Money by Driving or Get a Ride No_86ddf9/img_Drive or deliver_css-iTMoEO' is clicked on

2023-09-18 14:53:33 - [TEST_STEP][PASSED] - click(findTestObject("Object Repository/Page_Earn Money by Driving or Get a Ride No_86ddf9/a_Get started")): Object: 'Object Repository/Page_Earn Money by Driving or Get a Ride No_86ddf9/a_Get started' is clicked on

2023-09-18 14:53:39 - [MESSAGE][PASSED] - Object: 'Object Repository/Page_Earn Money by Driving or Get a Ride No_86ddf9/a_Get started' is clicked on

2023-09-18 14:53:39 - [TEST_STEP][PASSED] - click(findTestObject("Object Repository/Page_Rent Out Your Car Through Uber and Ear_fd3df7/a_Sign up")): Object: 'Object Repository/Page_Rent Out Your Car Through Uber and Ear_fd3df7/a_Sign up' is clicked on

2023-09-18 14:53:43 - [MESSAGE][PASSED] - Object: 'Object Repository/Page_Rent Out Your Car Through Uber and Ear_fd3df7/a_Sign up' is clicked on

2023-09-18 14:53:43 - [TEST_STEP][PASSED] - click(findTestObject("Object Repository/Page_Sign Up to Drive  Uber/a_Sign up now")): Object: 'Object Repository/Page_Sign Up to Drive  Uber/a_Sign up now' is clicked on

2023-09-18 14:53:53 - [MESSAGE][PASSED] - Object: 'Object Repository/Page_Sign Up to Drive  Uber/a_Sign up now' is clicked on

2023-09-18 14:53:53 - [TEST_STEP][PASSED] - closeBrowser(): Browser is closed

2023-09-18 14:53:54 - [MESSAGE][PASSED] - Browser is closed]]></system-out>
         <system-err><![CDATA[]]></system-err>
      </testcase>
      <testcase name="Test Cases/TC_0030" time="12.212" classname="Test Cases/TC_0030" status="PASSED">
         <system-out><![CDATA[2023-09-18 14:53:54 - [TEST_CASE][PASSED] - Test Cases/TC_0030: Test Cases/TC_0030

2023-09-18 14:53:54 - [TEST_STEP][PASSED] - openBrowser(""): Browser is opened with url: ''

2023-09-18 14:53:54 - [MESSAGE][INFO] - Starting 'Chrome' driver

2023-09-18 14:53:54 - [MESSAGE][INFO] - Action delay is set to 0 milliseconds

2023-09-18 14:53:55 - [MESSAGE][PASSED] - Browser is opened with url: ''

2023-09-18 14:53:55 - [TEST_STEP][PASSED] - navigateToUrl("https://www.google.com/"): Navigate to 'https://www.google.com/' successfully

2023-09-18 14:54:02 - [MESSAGE][PASSED] - Navigate to 'https://www.google.com/' successfully

2023-09-18 14:54:02 - [TEST_STEP][PASSED] - click(findTestObject("Object Repository/Page_Google/a_")): Object: 'Object Repository/Page_Google/a_' is clicked on

2023-09-18 14:54:05 - [MESSAGE][PASSED] - Object: 'Object Repository/Page_Google/a_' is clicked on

2023-09-18 14:54:05 - [TEST_STEP][PASSED] - closeBrowser(): Browser is closed

2023-09-18 14:54:06 - [MESSAGE][PASSED] - Browser is closed]]></system-out>
         <system-err><![CDATA[]]></system-err>
      </testcase>
      <testcase name="Test Cases/TC_004" time="31.19" classname="Test Cases/TC_004" status="PASSED">
         <system-out><![CDATA[2023-09-18 14:54:06 - [TEST_CASE][PASSED] - Test Cases/TC_004: Test Cases/TC_004

2023-09-18 14:54:06 - [TEST_STEP][PASSED] - openBrowser(""): Browser is opened with url: ''

2023-09-18 14:54:06 - [MESSAGE][INFO] - Starting 'Chrome' driver

2023-09-18 14:54:06 - [MESSAGE][INFO] - Action delay is set to 0 milliseconds

2023-09-18 14:54:08 - [MESSAGE][PASSED] - Browser is opened with url: ''

2023-09-18 14:54:08 - [TEST_STEP][PASSED] - maximizeWindow(): Current window maximized

2023-09-18 14:54:08 - [MESSAGE][PASSED] - Current window maximized

2023-09-18 14:54:08 - [TEST_STEP][PASSED] - navigateToUrl("https://www.uber.com/in/en/"): Navigate to 'https://www.uber.com/in/en/' successfully

2023-09-18 14:54:13 - [MESSAGE][PASSED] - Navigate to 'https://www.uber.com/in/en/' successfully

2023-09-18 14:54:13 - [TEST_STEP][PASSED] - click(findTestObject("Object Repository/Page_Earn Money by Driving or Get a Ride No_86ddf9/img_Drive or deliver_css-iTMoEO")): Object: 'Object Repository/Page_Earn Money by Driving or Get a Ride No_86ddf9/img_Drive or deliver_css-iTMoEO' is clicked on

2023-09-18 14:54:15 - [MESSAGE][PASSED] - Object: 'Object Repository/Page_Earn Money by Driving or Get a Ride No_86ddf9/img_Drive or deliver_css-iTMoEO' is clicked on

2023-09-18 14:54:15 - [TEST_STEP][PASSED] - click(findTestObject("Object Repository/Page_Earn Money by Driving or Get a Ride No_86ddf9/a_Get started")): Object: 'Object Repository/Page_Earn Money by Driving or Get a Ride No_86ddf9/a_Get started' is clicked on

2023-09-18 14:54:21 - [MESSAGE][PASSED] - Object: 'Object Repository/Page_Earn Money by Driving or Get a Ride No_86ddf9/a_Get started' is clicked on

2023-09-18 14:54:21 - [TEST_STEP][PASSED] - click(findTestObject("Object Repository/Page_Rent Out Your Car Through Uber and Ear_fd3df7/a_Sign up")): Object: 'Object Repository/Page_Rent Out Your Car Through Uber and Ear_fd3df7/a_Sign up' is clicked on

2023-09-18 14:54:26 - [MESSAGE][PASSED] - Object: 'Object Repository/Page_Rent Out Your Car Through Uber and Ear_fd3df7/a_Sign up' is clicked on

2023-09-18 14:54:26 - [TEST_STEP][PASSED] - click(findTestObject("Object Repository/Page_Sign Up to Drive  Uber/a_Sign up now")): Object: 'Object Repository/Page_Sign Up to Drive  Uber/a_Sign up now' is clicked on

2023-09-18 14:54:36 - [MESSAGE][PASSED] - Object: 'Object Repository/Page_Sign Up to Drive  Uber/a_Sign up now' is clicked on

2023-09-18 14:54:36 - [TEST_STEP][PASSED] - closeBrowser(): Browser is closed

2023-09-18 14:54:37 - [MESSAGE][PASSED] - Browser is closed]]></system-out>
         <system-err><![CDATA[]]></system-err>
      </testcase>
      <testcase name="Test Cases/TC_005" time="10.234" classname="Test Cases/TC_005" status="PASSED">
         <system-out><![CDATA[2023-09-18 14:54:37 - [TEST_CASE][PASSED] - Test Cases/TC_005: Test Cases/TC_005

2023-09-18 14:54:37 - [TEST_STEP][PASSED] - openBrowser(""): Browser is opened with url: ''

2023-09-18 14:54:37 - [MESSAGE][INFO] - Starting 'Chrome' driver

2023-09-18 14:54:37 - [MESSAGE][INFO] - Action delay is set to 0 milliseconds

2023-09-18 14:54:39 - [MESSAGE][PASSED] - Browser is opened with url: ''

2023-09-18 14:54:39 - [TEST_STEP][PASSED] - navigateToUrl("https://www.google.com/"): Navigate to 'https://www.google.com/' successfully

2023-09-18 14:54:45 - [MESSAGE][PASSED] - Navigate to 'https://www.google.com/' successfully

2023-09-18 14:54:45 - [TEST_STEP][PASSED] - click(findTestObject("Object Repository/Page_Google/a_")): Object: 'Object Repository/Page_Google/a_' is clicked on

2023-09-18 14:54:47 - [MESSAGE][PASSED] - Object: 'Object Repository/Page_Google/a_' is clicked on

2023-09-18 14:54:47 - [TEST_STEP][PASSED] - closeBrowser(): Browser is closed

2023-09-18 14:54:47 - [MESSAGE][PASSED] - Browser is closed]]></system-out>
         <system-err><![CDATA[]]></system-err>
      </testcase>
      <testcase name="Test Cases/TC_006" time="11.464" classname="Test Cases/TC_006" status="PASSED">
         <system-out><![CDATA[2023-09-18 14:54:47 - [TEST_CASE][PASSED] - Test Cases/TC_006: Test Cases/TC_006

2023-09-18 14:54:48 - [TEST_STEP][PASSED] - openBrowser(""): Browser is opened with url: ''

2023-09-18 14:54:48 - [MESSAGE][INFO] - Starting 'Chrome' driver

2023-09-18 14:54:48 - [MESSAGE][INFO] - Action delay is set to 0 milliseconds

2023-09-18 14:54:49 - [MESSAGE][PASSED] - Browser is opened with url: ''

2023-09-18 14:54:49 - [TEST_STEP][PASSED] - navigateToUrl("https://www.google.com/"): Navigate to 'https://www.google.com/' successfully

2023-09-18 14:54:55 - [MESSAGE][PASSED] - Navigate to 'https://www.google.com/' successfully

2023-09-18 14:54:55 - [TEST_STEP][PASSED] - click(findTestObject("Object Repository/Page_Google/a_")): Object: 'Object Repository/Page_Google/a_' is clicked on

2023-09-18 14:54:58 - [MESSAGE][PASSED] - Object: 'Object Repository/Page_Google/a_' is clicked on

2023-09-18 14:54:58 - [TEST_STEP][PASSED] - closeBrowser(): Browser is closed

2023-09-18 14:54:59 - [MESSAGE][PASSED] - Browser is closed]]></system-out>
         <system-err><![CDATA[]]></system-err>
      </testcase>
      <testcase name="Test Cases/TC_007" time="10.944" classname="Test Cases/TC_007" status="PASSED">
         <system-out><![CDATA[2023-09-18 14:54:59 - [TEST_CASE][PASSED] - Test Cases/TC_007: Test Cases/TC_007

2023-09-18 14:54:59 - [TEST_STEP][PASSED] - openBrowser(""): Browser is opened with url: ''

2023-09-18 14:54:59 - [MESSAGE][INFO] - Starting 'Chrome' driver

2023-09-18 14:54:59 - [MESSAGE][INFO] - Action delay is set to 0 milliseconds

2023-09-18 14:55:00 - [MESSAGE][PASSED] - Browser is opened with url: ''

2023-09-18 14:55:00 - [TEST_STEP][PASSED] - navigateToUrl("https://www.google.com/"): Navigate to 'https://www.google.com/' successfully

2023-09-18 14:55:07 - [MESSAGE][PASSED] - Navigate to 'https://www.google.com/' successfully

2023-09-18 14:55:07 - [TEST_STEP][PASSED] - click(findTestObject("Object Repository/Page_Google/a_")): Object: 'Object Repository/Page_Google/a_' is clicked on

2023-09-18 14:55:09 - [MESSAGE][PASSED] - Object: 'Object Repository/Page_Google/a_' is clicked on

2023-09-18 14:55:09 - [TEST_STEP][PASSED] - closeBrowser(): Browser is closed

2023-09-18 14:55:10 - [MESSAGE][PASSED] - Browser is closed]]></system-out>
         <system-err><![CDATA[]]></system-err>
      </testcase>
      <testcase name="Test Cases/TC_008" time="11.171" classname="Test Cases/TC_008" status="PASSED">
         <system-out><![CDATA[2023-09-18 14:55:10 - [TEST_CASE][PASSED] - Test Cases/TC_008: Test Cases/TC_008

2023-09-18 14:55:10 - [TEST_STEP][PASSED] - openBrowser(""): Browser is opened with url: ''

2023-09-18 14:55:10 - [MESSAGE][INFO] - Starting 'Chrome' driver

2023-09-18 14:55:10 - [MESSAGE][INFO] - Action delay is set to 0 milliseconds

2023-09-18 14:55:11 - [MESSAGE][PASSED] - Browser is opened with url: ''

2023-09-18 14:55:11 - [TEST_STEP][PASSED] - navigateToUrl("https://www.google.com/"): Navigate to 'https://www.google.com/' successfully

2023-09-18 14:55:17 - [MESSAGE][PASSED] - Navigate to 'https://www.google.com/' successfully

2023-09-18 14:55:17 - [TEST_STEP][PASSED] - click(findTestObject("Object Repository/Page_Google/a_")): Object: 'Object Repository/Page_Google/a_' is clicked on

2023-09-18 14:55:20 - [MESSAGE][PASSED] - Object: 'Object Repository/Page_Google/a_' is clicked on

2023-09-18 14:55:20 - [TEST_STEP][PASSED] - closeBrowser(): Browser is closed

2023-09-18 14:55:21 - [MESSAGE][PASSED] - Browser is closed]]></system-out>
         <system-err><![CDATA[]]></system-err>
      </testcase>
      <testcase name="Test Cases/TC_009" time="11.034" classname="Test Cases/TC_009" status="PASSED">
         <system-out><![CDATA[2023-09-18 14:55:21 - [TEST_CASE][PASSED] - Test Cases/TC_009: Test Cases/TC_009

2023-09-18 14:55:21 - [TEST_STEP][PASSED] - openBrowser(""): Browser is opened with url: ''

2023-09-18 14:55:21 - [MESSAGE][INFO] - Starting 'Chrome' driver

2023-09-18 14:55:21 - [MESSAGE][INFO] - Action delay is set to 0 milliseconds

2023-09-18 14:55:23 - [MESSAGE][PASSED] - Browser is opened with url: ''

2023-09-18 14:55:23 - [TEST_STEP][PASSED] - navigateToUrl("https://www.google.com/"): Navigate to 'https://www.google.com/' successfully

2023-09-18 14:55:28 - [MESSAGE][PASSED] - Navigate to 'https://www.google.com/' successfully

2023-09-18 14:55:28 - [TEST_STEP][PASSED] - click(findTestObject("Object Repository/Page_Google/a_")): Object: 'Object Repository/Page_Google/a_' is clicked on

2023-09-18 14:55:31 - [MESSAGE][PASSED] - Object: 'Object Repository/Page_Google/a_' is clicked on

2023-09-18 14:55:31 - [TEST_STEP][PASSED] - closeBrowser(): Browser is closed

2023-09-18 14:55:32 - [MESSAGE][PASSED] - Browser is closed]]></system-out>
         <system-err><![CDATA[]]></system-err>
      </testcase>
      <system-out><![CDATA[2023-09-18 14:49:18 - [TEST_SUITE][PASSED] - TestSuite_001: Test Cases/TC_009]]></system-out>
      <system-err><![CDATA[]]></system-err>
   </testsuite>
</testsuites>
